[2026-04-05 06:30:25] === 自动备份开始 ===
[2026-04-05 06:30:25] 开始同步文件到 workspace...
[2026-04-05 06:30:25] ✓ agent_loop 已同步
[2026-04-05 06:30:25] ✓ 文件同步完成
[2026-04-05 06:30:25] 检测到变更，开始备份到 GitHub...
[2026-04-05 06:30:25] ⚠ GitHub 推送失败（可能需要认证）
[2026-04-05 06:31:09] === 自动备份开始 ===
[2026-04-05 06:31:09] 开始同步文件到 workspace...
[2026-04-05 06:31:09] ✓ agent_loop 已同步
[2026-04-05 06:31:09] ✓ 文件同步完成
[2026-04-05 06:31:09] 检测到变更，开始备份到 GitHub...
[2026-04-05 06:31:10] ⚠ GitHub 推送失败（可能需要配置 GITHUB_TOKEN）
[2026-04-05 06:43:59] === 自动备份开始 ===
[2026-04-05 06:43:59] 开始同步文件到 workspace...
[2026-04-05 06:43:59] ✓ agent_loop 已同步
[2026-04-05 06:43:59] ✓ 文件同步完成
[2026-04-05 06:43:59] 检测到变更，开始备份到 GitHub...
[2026-04-05 06:44:01] ⚠ GitHub 推送失败（可能需要配置 GITHUB_TOKEN）
[2026-04-05 06:48:37] === 自动备份开始 ===
[2026-04-05 06:48:37] 开始同步文件到 workspace...
[2026-04-05 06:48:37] ✓ agent_loop 已同步
[2026-04-05 06:48:37] ✓ 文件同步完成
[2026-04-05 06:48:37] 检测到变更，开始备份到 GitHub...
[2026-04-05 06:48:39] ⚠ GitHub 推送失败（可能需要配置 GITHUB_TOKEN）
[2026-04-05 07:25:15] === 自动备份开始 ===
[2026-04-05 07:25:15] 开始同步文件到 workspace...
[2026-04-05 07:25:15] ✓ agent_loop 已同步
[2026-04-05 07:25:15] ✓ 文件同步完成
[2026-04-05 07:25:15] 检测到变更，开始备份到 GitHub...
[2026-04-05 07:25:17] ⚠ GitHub 推送失败（可能需要配置 GITHUB_TOKEN）
[2026-04-05 07:45:48] === 自动备份开始 ===
[2026-04-05 07:45:48] 开始同步文件到 workspace...
[2026-04-05 07:45:48] ✓ agent_loop 已同步
[2026-04-05 07:45:48] ✓ 文件同步完成
[2026-04-05 07:45:48] 检测到变更，开始备份到 GitHub...
[2026-04-05 07:45:49] ⚠ GitHub 推送失败（可能需要配置 GITHUB_TOKEN）
[2026-04-05 08:07:41] === 自动备份开始 ===
[2026-04-05 08:07:41] 开始同步文件到 workspace...
[2026-04-05 08:07:41] ✓ agent_loop 已同步
[2026-04-05 08:07:41] ✓ 文件同步完成
[2026-04-05 08:07:41] 检测到变更，开始备份到 GitHub...
