[2026-04-09 09:42:17] === Memory 双备份开始 ===
[2026-04-09 09:42:17] 📤 备份到 GitHub...
[2026-04-09 09:42:17] ❌ Git 未初始化，跳过 GitHub 备份
[2026-04-09 09:42:17] 📦 创建本地版本备份...
[2026-04-09 09:42:17] ✅ 本地备份成功: 4.4M
[2026-04-09 09:42:17] 📊 本地备份总数: 2
[2026-04-09 09:42:17] 📤 备份到飞书...
[2026-04-09 09:42:18] === 小结巴 Memory 飞书备份开始 ===
[2026-04-09 09:42:18] 生成备份内容...
[2026-04-09 09:42:18] 本地备份已保存: /root/.openclaw/workspace/memory/feishu_backup_20260409_0942.md
[2026-04-09 09:42:18] 正在创建飞书文档...
[2026-04-09 09:42:18] ✅ 备份内容已生成
[2026-04-09 09:42:18] 备份文件: /root/.openclaw/workspace/memory/feishu_backup_20260409_0942.md
[2026-04-09 09:42:18] 飞书文档标题: 小结巴 Memory 备份 - 2026-04-09
[2026-04-09 09:42:18] 提示: 下次会话时 AI 会自动检查队列并推送到飞书
[2026-04-09 09:42:18] === 小结巴 Memory 飞书备份完成 ===
[2026-04-09 09:42:17] === Memory 双备份完成 ===
[2026-04-09 09:42:17] 📱 企业微信通知已发送
[2026-04-09 09:42:17] 备份报告已保存
[2026-04-09 09:42:41] === Memory 双备份开始 ===
[2026-04-09 09:42:41] 📤 备份到 GitHub...
[2026-04-09 09:42:41] ✅ Git 提交成功
[2026-04-09 09:42:41] ✅ GitHub 推送成功
[2026-04-09 09:42:41] 📦 创建本地版本备份...
[2026-04-09 09:42:41] ✅ 本地备份成功: 4.4M
[2026-04-09 09:42:41] 📊 本地备份总数: 3
[2026-04-09 09:42:41] 📤 备份到飞书...
[2026-04-09 09:42:47] === 小结巴 Memory 飞书备份开始 ===
[2026-04-09 09:42:47] 生成备份内容...
[2026-04-09 09:42:47] 本地备份已保存: /root/.openclaw/workspace/memory/feishu_backup_20260409_0942.md
[2026-04-09 09:42:47] 正在创建飞书文档...
[2026-04-09 09:42:47] ✅ 备份内容已生成
[2026-04-09 09:42:47] 备份文件: /root/.openclaw/workspace/memory/feishu_backup_20260409_0942.md
[2026-04-09 09:42:47] 飞书文档标题: 小结巴 Memory 备份 - 2026-04-09
[2026-04-09 09:42:47] 提示: 下次会话时 AI 会自动检查队列并推送到飞书
[2026-04-09 09:42:47] === 小结巴 Memory 飞书备份完成 ===
[2026-04-09 09:42:41] === Memory 双备份完成 ===
[2026-04-09 09:42:41] 📱 企业微信通知已发送
[2026-04-09 09:42:41] 备份报告已保存
[2026-04-10 04:05:01] === Memory 双备份开始 ===
[2026-04-10 04:05:01] 📤 备份到 GitHub...
[2026-04-10 04:05:01] ✅ Git 提交成功
[2026-04-10 04:05:01] ✅ GitHub 推送成功
[2026-04-10 04:05:01] 📦 创建本地版本备份...
[2026-04-10 04:05:01] ✅ 本地备份成功: 4.4M
[2026-04-10 04:05:01] 📊 本地备份总数: 4
[2026-04-10 04:05:01] 📤 备份到飞书...
[2026-04-10 04:05:07] === 小结巴 Memory 飞书备份开始 ===
[2026-04-10 04:05:07] 生成备份内容...
[2026-04-10 04:05:07] 本地备份已保存: /root/.openclaw/workspace/memory/feishu_backup_20260410_0405.md
[2026-04-10 04:05:07] 正在创建飞书文档...
[2026-04-10 04:05:07] ✅ 备份内容已生成
[2026-04-10 04:05:07] 备份文件: /root/.openclaw/workspace/memory/feishu_backup_20260410_0405.md
[2026-04-10 04:05:07] 飞书文档标题: 小结巴 Memory 备份 - 2026-04-10
[2026-04-10 04:05:07] 提示: 下次会话时 AI 会自动检查队列并推送到飞书
[2026-04-10 04:05:07] === 小结巴 Memory 飞书备份完成 ===
[2026-04-10 04:05:01] === Memory 双备份完成 ===
[2026-04-10 04:05:01] 📱 企业微信通知已发送
[2026-04-10 04:05:01] 备份报告已保存
[2026-04-11 04:05:01] === Memory 双备份开始 ===
[2026-04-11 04:05:01] 📤 备份到 GitHub...
[2026-04-11 04:05:01] ✅ Git 提交成功
[2026-04-11 04:05:01] ✅ GitHub 推送成功
[2026-04-11 04:05:01] 📦 创建本地版本备份...
[2026-04-11 04:05:01] ✅ 本地备份成功: 4.4M
[2026-04-11 04:05:01] 📊 本地备份总数: 5
[2026-04-11 04:05:01] 📤 备份到飞书...
[2026-04-11 04:05:07] === 小结巴 Memory 飞书备份开始 ===
[2026-04-11 04:05:07] 生成备份内容...
[2026-04-11 04:05:07] 本地备份已保存: /root/.openclaw/workspace/memory/feishu_backup_20260411_0405.md
[2026-04-11 04:05:07] 正在创建飞书文档...
[2026-04-11 04:05:07] ✅ 备份内容已生成
[2026-04-11 04:05:07] 备份文件: /root/.openclaw/workspace/memory/feishu_backup_20260411_0405.md
[2026-04-11 04:05:07] 飞书文档标题: 小结巴 Memory 备份 - 2026-04-11
[2026-04-11 04:05:07] 提示: 下次会话时 AI 会自动检查队列并推送到飞书
[2026-04-11 04:05:07] === 小结巴 Memory 飞书备份完成 ===
[2026-04-11 04:05:01] === Memory 双备份完成 ===
[2026-04-11 04:05:01] 📱 企业微信通知已发送
[2026-04-11 04:05:01] 备份报告已保存
[2026-04-12 04:05:01] === Memory 双备份开始 ===
[2026-04-12 04:05:01] 📤 备份到 GitHub...
