[2026-04-07 09:08:20] === 小结巴 Memory 飞书备份开始 ===
[2026-04-07 09:08:20] 生成备份内容...
[2026-04-07 09:08:20] 本地备份已保存: /root/.openclaw/workspace/memory/feishu_backup_20260407_0908.md
[2026-04-07 09:08:20] 正在创建飞书文档...
[2026-04-07 09:08:20] ✅ 备份内容已生成并保存到本地
[2026-04-07 09:08:20] 如需推送到飞书，请在会话中执行 feishu_doc 操作
[2026-04-07 09:08:20] 备份文件: /root/.openclaw/workspace/memory/feishu_backup_20260407_0908.md
[2026-04-07 09:08:20] === 小结巴 Memory 飞书备份完成 ===

[2026-04-07 09:30:01] === 小结巴 Memory 飞书备份开始 ===
[2026-04-07 09:30:01] 生成备份内容...
[2026-04-07 09:30:01] 本地备份已保存: /root/.openclaw/workspace/memory/feishu_backup_20260407_0930.md
[2026-04-07 09:30:01] 正在创建飞书文档...
[2026-04-07 09:30:01] ✅ 备份内容已生成
[2026-04-07 09:30:01] 备份文件: /root/.openclaw/workspace/memory/feishu_backup_20260407_0930.md
[2026-04-07 09:30:01] 飞书文档标题: 小结巴 Memory 备份 - 2026-04-07
[2026-04-07 09:30:01] 提示: 下次会话时 AI 会自动检查队列并推送到飞书
[2026-04-07 09:30:01] === 小结巴 Memory 飞书备份完成 ===

[2026-04-08 09:30:01] === 小结巴 Memory 飞书备份开始 ===
[2026-04-08 09:30:01] 生成备份内容...
[2026-04-08 09:30:01] 本地备份已保存: /root/.openclaw/workspace/memory/feishu_backup_20260408_0930.md
[2026-04-08 09:30:01] 正在创建飞书文档...
[2026-04-08 09:30:01] ✅ 备份内容已生成
[2026-04-08 09:30:01] 备份文件: /root/.openclaw/workspace/memory/feishu_backup_20260408_0930.md
[2026-04-08 09:30:01] 飞书文档标题: 小结巴 Memory 备份 - 2026-04-08
[2026-04-08 09:30:01] 提示: 下次会话时 AI 会自动检查队列并推送到飞书
[2026-04-08 09:30:01] === 小结巴 Memory 飞书备份完成 ===

[2026-04-09 09:30:01] === 小结巴 Memory 飞书备份开始 ===
[2026-04-09 09:30:01] 生成备份内容...
[2026-04-09 09:30:02] 本地备份已保存: /root/.openclaw/workspace/memory/feishu_backup_20260409_0930.md
[2026-04-09 09:30:02] 正在创建飞书文档...
[2026-04-09 09:30:02] ✅ 备份内容已生成
[2026-04-09 09:30:02] 备份文件: /root/.openclaw/workspace/memory/feishu_backup_20260409_0930.md
[2026-04-09 09:30:02] 飞书文档标题: 小结巴 Memory 备份 - 2026-04-09
[2026-04-09 09:30:02] 提示: 下次会话时 AI 会自动检查队列并推送到飞书
[2026-04-09 09:30:02] === 小结巴 Memory 飞书备份完成 ===

[2026-04-09 09:42:18] === 小结巴 Memory 飞书备份开始 ===
[2026-04-09 09:42:18] 生成备份内容...
[2026-04-09 09:42:18] 本地备份已保存: /root/.openclaw/workspace/memory/feishu_backup_20260409_0942.md
[2026-04-09 09:42:18] 正在创建飞书文档...
[2026-04-09 09:42:18] ✅ 备份内容已生成
[2026-04-09 09:42:18] 备份文件: /root/.openclaw/workspace/memory/feishu_backup_20260409_0942.md
[2026-04-09 09:42:18] 飞书文档标题: 小结巴 Memory 备份 - 2026-04-09
[2026-04-09 09:42:18] 提示: 下次会话时 AI 会自动检查队列并推送到飞书
[2026-04-09 09:42:18] === 小结巴 Memory 飞书备份完成 ===

[2026-04-09 09:42:47] === 小结巴 Memory 飞书备份开始 ===
[2026-04-09 09:42:47] 生成备份内容...
[2026-04-09 09:42:47] 本地备份已保存: /root/.openclaw/workspace/memory/feishu_backup_20260409_0942.md
[2026-04-09 09:42:47] 正在创建飞书文档...
[2026-04-09 09:42:47] ✅ 备份内容已生成
[2026-04-09 09:42:47] 备份文件: /root/.openclaw/workspace/memory/feishu_backup_20260409_0942.md
[2026-04-09 09:42:47] 飞书文档标题: 小结巴 Memory 备份 - 2026-04-09
[2026-04-09 09:42:47] 提示: 下次会话时 AI 会自动检查队列并推送到飞书
[2026-04-09 09:42:47] === 小结巴 Memory 飞书备份完成 ===

[2026-04-10 04:05:07] === 小结巴 Memory 飞书备份开始 ===
[2026-04-10 04:05:07] 生成备份内容...
[2026-04-10 04:05:07] 本地备份已保存: /root/.openclaw/workspace/memory/feishu_backup_20260410_0405.md
[2026-04-10 04:05:07] 正在创建飞书文档...
[2026-04-10 04:05:07] ✅ 备份内容已生成
[2026-04-10 04:05:07] 备份文件: /root/.openclaw/workspace/memory/feishu_backup_20260410_0405.md
[2026-04-10 04:05:07] 飞书文档标题: 小结巴 Memory 备份 - 2026-04-10
[2026-04-10 04:05:07] 提示: 下次会话时 AI 会自动检查队列并推送到飞书
[2026-04-10 04:05:07] === 小结巴 Memory 飞书备份完成 ===

[2026-04-10 09:30:01] === 小结巴 Memory 飞书备份开始 ===
[2026-04-10 09:30:01] 生成备份内容...
[2026-04-10 09:30:01] 本地备份已保存: /root/.openclaw/workspace/memory/feishu_backup_20260410_0930.md
[2026-04-10 09:30:01] 正在创建飞书文档...
[2026-04-10 09:30:01] ✅ 备份内容已生成
[2026-04-10 09:30:01] 备份文件: /root/.openclaw/workspace/memory/feishu_backup_20260410_0930.md
[2026-04-10 09:30:01] 飞书文档标题: 小结巴 Memory 备份 - 2026-04-10
[2026-04-10 09:30:01] 提示: 下次会话时 AI 会自动检查队列并推送到飞书
[2026-04-10 09:30:01] === 小结巴 Memory 飞书备份完成 ===

[2026-04-11 04:05:07] === 小结巴 Memory 飞书备份开始 ===
[2026-04-11 04:05:07] 生成备份内容...
[2026-04-11 04:05:07] 本地备份已保存: /root/.openclaw/workspace/memory/feishu_backup_20260411_0405.md
[2026-04-11 04:05:07] 正在创建飞书文档...
[2026-04-11 04:05:07] ✅ 备份内容已生成
[2026-04-11 04:05:07] 备份文件: /root/.openclaw/workspace/memory/feishu_backup_20260411_0405.md
[2026-04-11 04:05:07] 飞书文档标题: 小结巴 Memory 备份 - 2026-04-11
[2026-04-11 04:05:07] 提示: 下次会话时 AI 会自动检查队列并推送到飞书
[2026-04-11 04:05:07] === 小结巴 Memory 飞书备份完成 ===

[2026-04-11 09:30:01] === 小结巴 Memory 飞书备份开始 ===
[2026-04-11 09:30:01] 生成备份内容...
[2026-04-11 09:30:01] 本地备份已保存: /root/.openclaw/workspace/memory/feishu_backup_20260411_0930.md
[2026-04-11 09:30:01] 正在创建飞书文档...
[2026-04-11 09:30:01] ✅ 备份内容已生成
[2026-04-11 09:30:01] 备份文件: /root/.openclaw/workspace/memory/feishu_backup_20260411_0930.md
[2026-04-11 09:30:01] 飞书文档标题: 小结巴 Memory 备份 - 2026-04-11
[2026-04-11 09:30:01] 提示: 下次会话时 AI 会自动检查队列并推送到飞书
[2026-04-11 09:30:01] === 小结巴 Memory 飞书备份完成 ===

