[2026-04-08 22:07] ❌ 测试 - {"errcode":60020,"errmsg":"not allow to access from your ip, hint: [1775657259486501366849594], from ip: 43.134.118.198, more info at https://open.work.weixin.qq.com/devtool/query?e=60020"}
[2026-04-08 22:25] ✅ 测试
[2026-04-08 22:26] ✅ 测试
[2026-04-09 08:18] ✅ 测试
[2026-04-09 08:23] ✅ 测试
[2026-04-09 08:42] ✅ 测试
[2026-04-09 09:00] ✅ 天气提醒
[2026-04-09 09:01] ✅ 记忆同步
[2026-04-10 08:00] ✅ 牙科新闻
[2026-04-10 09:00] ✅ 天气提醒
[2026-04-10 10:29] ✅ 测试
[2026-04-10 10:34] ❌ 测试 - {"errcode":60020,"errmsg":"not allow to access from your ip, hint: [1775788470401540333889198], from ip: 43.134.118.198, more info at https://open.work.weixin.qq.com/devtool/query?e=60020"}
[2026-04-10 10:35] ✅ 测试
[2026-04-11 08:00] ✅ 牙科新闻
[2026-04-11 09:00] ✅ 天气提醒
[2026-04-12 08:00] ✅ 牙科新闻
[2026-04-12 09:00] ✅ 天气提醒
[2026-04-14 08:39] ✅ 测试
[2026-04-14 09:00] ✅ 天气提醒
[2026-04-15 08:00] ✅ 牙科新闻
[2026-04-15 09:00] ✅ 天气提醒
[2026-04-16 08:00] ✅ 牙科新闻
[2026-04-16 08:03] ✅ 牙科数字化新闻推送成功 - 企业微信Webhook
[Thu Apr 16 08:08:56 AM CST 2026] 发送 牙科新闻...
✅ 牙科新闻 推送成功
[Thu Apr 16 08:11:28 AM CST 2026] 发送 牙科新闻...
✅ 牙科新闻 推送成功
[Thu Apr 16 08:12:50 AM CST 2026] 发送 牙科新闻...
\u2705 牙科新闻 \u63a8\u9001\u6210\u529f
[Thu Apr 16 09:00:04 AM CST 2026] 发送 天气提醒...
\u2705 天气提醒 \u63a8\u9001\u6210\u529f
[Thu Apr 16 09:07:47 AM CST 2026] 发送 天气提醒...
\u2705 天气提醒 \u63a8\u9001\u6210\u529f
[Fri Apr 17 08:00:08 AM CST 2026] 发送 牙科新闻...
\u2705 牙科新闻 \u63a8\u9001\u6210\u529f
[2026-04-17 08:01] ✅ 牙科数字化新闻推送成功 - 企业微信Webhook
[Fri Apr 17 09:00:41 AM CST 2026] 发送 天气提醒...
\u2705 天气提醒 \u63a8\u9001\u6210\u529f
[Fri Apr 17 09:45:46 AM CST 2026] 发送 天气提醒...
\u2705 天气提醒 \u63a8\u9001\u6210\u529f
[Fri Apr 17 09:56:14 AM CST 2026] 发送 天气提醒...
\u2705 天气提醒 \u63a8\u9001\u6210\u529f
[Fri Apr 17 10:12:18 AM CST 2026] 发送 天气提醒...
\u2705 天气提醒 \u63a8\u9001\u6210\u529f
[Sat Apr 18 10:12:26 AM CST 2026] 发送 天气提醒...
\u2705 天气提醒 \u63a8\u9001\u6210\u529f
