[2026-04-02 22:53:27] 天气提醒
🌤️ 早安！今日天气提醒

📍 城市：Shanghai
🌡️ 温度：+18°C
☁️ 天气：Partly cloudy
💨 风力：↖18km/h
💧 湿度：60%

👗 穿衣建议：
🧥 薄外套/长袖 + 长裤

💡 天气凉爽，适合多层穿搭。

祝您今天愉快！
---
[2026-04-02 22:53:37] 天气提醒
🌤️ 早安！今日天气提醒

📍 城市：Shanghai
🌡️ 温度：+18°C
☁️ 天气：Partly cloudy
💨 风力：↖18km/h
💧 湿度：60%

👗 穿衣建议：
🧥 薄外套/长袖 + 长裤

💡 天气凉爽，适合多层穿搭。

祝您今天愉快！
---
[2026-04-02 23:19:37] 天气提醒
🌤️ 早安！今日天气提醒

📍 城市：Shanghai
🌡️ 温度：+18°C
☁️ 天气：Partly cloudy
💨 风力：↖18km/h
💧 湿度：60%

👗 穿衣建议：
🧥 薄外套/长袖 + 长裤

💡 天气凉爽，适合多层穿搭。

祝您今天愉快！
---
[2026-04-14 09:00] 发送 天气提醒...
✅ 天气提醒 推送成功
