✅ 正常: 速率 1073 tokens/分钟
✅ 正常: 速率 1011 tokens/分钟
✅ 正常: 速率 1836 tokens/分钟
✅ 正常: 速率 2050 tokens/分钟
✅ 正常: 速率 2929 tokens/分钟
⚠️ WARNING: 速率 16238 tokens/分钟 (正常最大 5000)
✅ 正常: 速率 2014 tokens/分钟
✅ 正常: 速率 911 tokens/分钟
✅ 正常: 速率 401 tokens/分钟
ℹ️ 首次运行，建立基线
ℹ️ 首次运行，建立基线
✅ 正常: 速率 5433 tokens/分钟
✅ 正常: 速率 3555 tokens/分钟
ℹ️ 首次运行，建立基线
ℹ️ 首次运行，建立基线
ℹ️ 首次运行，建立基线
ℹ️ 首次运行，建立基线
ℹ️ 首次运行，建立基线
ℹ️ 首次运行，建立基线
ℹ️ 首次运行，建立基线
ℹ️ 首次运行，建立基线
ℹ️ 首次运行，建立基线
ℹ️ 首次运行，建立基线
ℹ️ 首次运行，建立基线
ℹ️ 首次运行，建立基线
ℹ️ 首次运行，建立基线
ℹ️ 首次运行，建立基线
ℹ️ 首次运行，建立基线
ℹ️ 首次运行，建立基线
ℹ️ 首次运行，建立基线
ℹ️ 首次运行，建立基线
ℹ️ 首次运行，建立基线
ℹ️ 首次运行，建立基线
✅ 正常: 速率 674 tokens/分钟
✅ 正常: 速率 3636 tokens/分钟
✅ 正常: 速率 1420 tokens/分钟
ℹ️ 首次运行，建立基线
ℹ️ 首次运行，建立基线
ℹ️ 首次运行，建立基线
✅ 正常: 速率 1242 tokens/分钟
ℹ️ 首次运行，建立基线
ℹ️ 首次运行，建立基线
ℹ️ 首次运行，建立基线
ℹ️ 首次运行，建立基线
ℹ️ 首次运行，建立基线
ℹ️ 首次运行，建立基线
✅ 正常: 速率 138 tokens/分钟
✅ 正常: 速率 1163 tokens/分钟
✅ 正常: 速率 1236 tokens/分钟
✅ 正常: 速率 2377 tokens/分钟
✅ 正常: 速率 1604 tokens/分钟
ℹ️ 首次运行，建立基线
ℹ️ 首次运行，建立基线
⚠️ WARNING: 速率 14448 tokens/分钟 (正常最大 5000)
✅ 正常: 速率 1858 tokens/分钟
ℹ️ 首次运行，建立基线
✅ 正常: 速率 880 tokens/分钟
ℹ️ 首次运行，建立基线
ℹ️ 首次运行，建立基线
ℹ️ 首次运行，建立基线
ℹ️ 首次运行，建立基线
ℹ️ 首次运行，建立基线
ℹ️ 首次运行，建立基线
ℹ️ 首次运行，建立基线
ℹ️ 首次运行，建立基线
ℹ️ 首次运行，建立基线
ℹ️ 首次运行，建立基线
ℹ️ 首次运行，建立基线
ℹ️ 首次运行，建立基线
ℹ️ 首次运行，建立基线
ℹ️ 首次运行，建立基线
ℹ️ 首次运行，建立基线
ℹ️ 首次运行，建立基线
ℹ️ 首次运行，建立基线
ℹ️ 首次运行，建立基线
ℹ️ 首次运行，建立基线
ℹ️ 首次运行，建立基线
ℹ️ 首次运行，建立基线
ℹ️ 首次运行，建立基线
ℹ️ 首次运行，建立基线
ℹ️ 首次运行，建立基线
✅ 正常: 速率 144 tokens/分钟
✅ 正常: 速率 1841 tokens/分钟
ℹ️ 首次运行，建立基线
ℹ️ 首次运行，建立基线
ℹ️ 首次运行，建立基线
ℹ️ 首次运行，建立基线
ℹ️ 首次运行，建立基线
ℹ️ 首次运行，建立基线
ℹ️ 首次运行，建立基线
ℹ️ 首次运行，建立基线
ℹ️ 首次运行，建立基线
ℹ️ 首次运行，建立基线
ℹ️ 首次运行，建立基线
ℹ️ 首次运行，建立基线
ℹ️ 首次运行，建立基线
ℹ️ 首次运行，建立基线
ℹ️ 首次运行，建立基线
ℹ️ 首次运行，建立基线
ℹ️ 首次运行，建立基线
ℹ️ 首次运行，建立基线
ℹ️ 首次运行，建立基线
ℹ️ 首次运行，建立基线
ℹ️ 首次运行，建立基线
ℹ️ 首次运行，建立基线
ℹ️ 首次运行，建立基线
ℹ️ 首次运行，建立基线
ℹ️ 首次运行，建立基线
ℹ️ 首次运行，建立基线
ℹ️ 首次运行，建立基线
ℹ️ 首次运行，建立基线
✅ 正常: 速率 1491 tokens/分钟
✅ 正常: 速率 709 tokens/分钟
ℹ️ 首次运行，建立基线
ℹ️ 首次运行，建立基线
ℹ️ 首次运行，建立基线
ℹ️ 首次运行，建立基线
ℹ️ 首次运行，建立基线
ℹ️ 首次运行，建立基线
ℹ️ 首次运行，建立基线
ℹ️ 首次运行，建立基线
ℹ️ 首次运行，建立基线
ℹ️ 首次运行，建立基线
ℹ️ 首次运行，建立基线
ℹ️ 首次运行，建立基线
ℹ️ 首次运行，建立基线
ℹ️ 首次运行，建立基线
ℹ️ 首次运行，建立基线
ℹ️ 首次运行，建立基线
ℹ️ 首次运行，建立基线
ℹ️ 首次运行，建立基线
ℹ️ 首次运行，建立基线
ℹ️ 首次运行，建立基线
ℹ️ 首次运行，建立基线
ℹ️ 首次运行，建立基线
ℹ️ 首次运行，建立基线
ℹ️ 首次运行，建立基线
ℹ️ 首次运行，建立基线
ℹ️ 首次运行，建立基线
ℹ️ 首次运行，建立基线
ℹ️ 首次运行，建立基线
✅ 正常: 速率 1374 tokens/分钟
✅ 正常: 速率 160 tokens/分钟
ℹ️ 首次运行，建立基线
ℹ️ 首次运行，建立基线
ℹ️ 首次运行，建立基线
ℹ️ 首次运行，建立基线
ℹ️ 首次运行，建立基线
ℹ️ 首次运行，建立基线
ℹ️ 首次运行，建立基线
ℹ️ 首次运行，建立基线
ℹ️ 首次运行，建立基线
ℹ️ 首次运行，建立基线
ℹ️ 首次运行，建立基线
ℹ️ 首次运行，建立基线
ℹ️ 首次运行，建立基线
ℹ️ 首次运行，建立基线
ℹ️ 首次运行，建立基线
ℹ️ 首次运行，建立基线
ℹ️ 首次运行，建立基线
ℹ️ 首次运行，建立基线
ℹ️ 首次运行，建立基线
ℹ️ 首次运行，建立基线
ℹ️ 首次运行，建立基线
ℹ️ 首次运行，建立基线
ℹ️ 首次运行，建立基线
ℹ️ 首次运行，建立基线
ℹ️ 首次运行，建立基线
ℹ️ 首次运行，建立基线
ℹ️ 首次运行，建立基线
ℹ️ 首次运行，建立基线
✅ 正常: 速率 1391 tokens/分钟
✅ 正常: 速率 164 tokens/分钟
ℹ️ 首次运行，建立基线
ℹ️ 首次运行，建立基线
ℹ️ 首次运行，建立基线
ℹ️ 首次运行，建立基线
ℹ️ 首次运行，建立基线
ℹ️ 首次运行，建立基线
ℹ️ 首次运行，建立基线
ℹ️ 首次运行，建立基线
ℹ️ 首次运行，建立基线
ℹ️ 首次运行，建立基线
ℹ️ 首次运行，建立基线
ℹ️ 首次运行，建立基线
ℹ️ 首次运行，建立基线
ℹ️ 首次运行，建立基线
ℹ️ 首次运行，建立基线
ℹ️ 首次运行，建立基线
ℹ️ 首次运行，建立基线
ℹ️ 首次运行，建立基线
ℹ️ 首次运行，建立基线
ℹ️ 首次运行，建立基线
ℹ️ 首次运行，建立基线
ℹ️ 首次运行，建立基线
ℹ️ 首次运行，建立基线
ℹ️ 首次运行，建立基线
ℹ️ 首次运行，建立基线
ℹ️ 首次运行，建立基线
ℹ️ 首次运行，建立基线
ℹ️ 首次运行，建立基线
✅ 正常: 速率 1413 tokens/分钟
✅ 正常: 速率 161 tokens/分钟
ℹ️ 首次运行，建立基线
ℹ️ 首次运行，建立基线
ℹ️ 首次运行，建立基线
ℹ️ 首次运行，建立基线
ℹ️ 首次运行，建立基线
ℹ️ 首次运行，建立基线
ℹ️ 首次运行，建立基线
ℹ️ 首次运行，建立基线
ℹ️ 首次运行，建立基线
ℹ️ 首次运行，建立基线
ℹ️ 首次运行，建立基线
ℹ️ 首次运行，建立基线
ℹ️ 首次运行，建立基线
ℹ️ 首次运行，建立基线
ℹ️ 首次运行，建立基线
ℹ️ 首次运行，建立基线
ℹ️ 首次运行，建立基线
ℹ️ 首次运行，建立基线
ℹ️ 首次运行，建立基线
ℹ️ 首次运行，建立基线
ℹ️ 首次运行，建立基线
ℹ️ 首次运行，建立基线
ℹ️ 首次运行，建立基线
ℹ️ 首次运行，建立基线
ℹ️ 首次运行，建立基线
ℹ️ 首次运行，建立基线
ℹ️ 首次运行，建立基线
ℹ️ 首次运行，建立基线
✅ 正常: 速率 1590 tokens/分钟
ℹ️ 首次运行，建立基线
ℹ️ 首次运行，建立基线
ℹ️ 首次运行，建立基线
ℹ️ 首次运行，建立基线
ℹ️ 首次运行，建立基线
ℹ️ 首次运行，建立基线
ℹ️ 首次运行，建立基线
ℹ️ 首次运行，建立基线
ℹ️ 首次运行，建立基线
ℹ️ 首次运行，建立基线
ℹ️ 首次运行，建立基线
ℹ️ 首次运行，建立基线
ℹ️ 首次运行，建立基线
ℹ️ 首次运行，建立基线
ℹ️ 首次运行，建立基线
ℹ️ 首次运行，建立基线
ℹ️ 首次运行，建立基线
ℹ️ 首次运行，建立基线
ℹ️ 首次运行，建立基线
ℹ️ 首次运行，建立基线
ℹ️ 首次运行，建立基线
ℹ️ 首次运行，建立基线
ℹ️ 首次运行，建立基线
ℹ️ 首次运行，建立基线
ℹ️ 首次运行，建立基线
ℹ️ 首次运行，建立基线
ℹ️ 首次运行，建立基线
ℹ️ 首次运行，建立基线
ℹ️ 首次运行，建立基线
✅ 正常: 速率 1404 tokens/分钟
✅ 正常: 速率 162 tokens/分钟
ℹ️ 首次运行，建立基线
ℹ️ 首次运行，建立基线
ℹ️ 首次运行，建立基线
ℹ️ 首次运行，建立基线
ℹ️ 首次运行，建立基线
ℹ️ 首次运行，建立基线
ℹ️ 首次运行，建立基线
ℹ️ 首次运行，建立基线
ℹ️ 首次运行，建立基线
ℹ️ 首次运行，建立基线
ℹ️ 首次运行，建立基线
ℹ️ 首次运行，建立基线
ℹ️ 首次运行，建立基线
ℹ️ 首次运行，建立基线
ℹ️ 首次运行，建立基线
ℹ️ 首次运行，建立基线
ℹ️ 首次运行，建立基线
ℹ️ 首次运行，建立基线
ℹ️ 首次运行，建立基线
ℹ️ 首次运行，建立基线
ℹ️ 首次运行，建立基线
ℹ️ 首次运行，建立基线
ℹ️ 首次运行，建立基线
ℹ️ 首次运行，建立基线
ℹ️ 首次运行，建立基线
ℹ️ 首次运行，建立基线
ℹ️ 首次运行，建立基线
ℹ️ 首次运行，建立基线
✅ 正常: 速率 917 tokens/分钟
✅ 正常: 速率 755 tokens/分钟
ℹ️ 首次运行，建立基线
ℹ️ 首次运行，建立基线
ℹ️ 首次运行，建立基线
ℹ️ 首次运行，建立基线
ℹ️ 首次运行，建立基线
ℹ️ 首次运行，建立基线
ℹ️ 首次运行，建立基线
ℹ️ 首次运行，建立基线
ℹ️ 首次运行，建立基线
ℹ️ 首次运行，建立基线
ℹ️ 首次运行，建立基线
ℹ️ 首次运行，建立基线
ℹ️ 首次运行，建立基线
ℹ️ 首次运行，建立基线
ℹ️ 首次运行，建立基线
ℹ️ 首次运行，建立基线
ℹ️ 首次运行，建立基线
ℹ️ 首次运行，建立基线
ℹ️ 首次运行，建立基线
✅ 正常: 速率 2347 tokens/分钟
✅ 正常: 速率 1212 tokens/分钟
ℹ️ 首次运行，建立基线
ℹ️ 首次运行，建立基线
ℹ️ 首次运行，建立基线
ℹ️ 首次运行，建立基线
ℹ️ 首次运行，建立基线
ℹ️ 首次运行，建立基线
ℹ️ 首次运行，建立基线
ℹ️ 首次运行，建立基线
ℹ️ 首次运行，建立基线
ℹ️ 首次运行，建立基线
✅ 正常: 速率 141 tokens/分钟
✅ 正常: 速率 1494 tokens/分钟
ℹ️ 首次运行，建立基线
ℹ️ 首次运行，建立基线
ℹ️ 首次运行，建立基线
ℹ️ 首次运行，建立基线
ℹ️ 首次运行，建立基线
ℹ️ 首次运行，建立基线
ℹ️ 首次运行，建立基线
ℹ️ 首次运行，建立基线
ℹ️ 首次运行，建立基线
ℹ️ 首次运行，建立基线
ℹ️ 首次运行，建立基线
ℹ️ 首次运行，建立基线
✅ 正常: 速率 1327 tokens/分钟
✅ 正常: 速率 785 tokens/分钟
ℹ️ 首次运行，建立基线
ℹ️ 首次运行，建立基线
ℹ️ 首次运行，建立基线
ℹ️ 首次运行，建立基线
ℹ️ 首次运行，建立基线
ℹ️ 首次运行，建立基线
ℹ️ 首次运行，建立基线
ℹ️ 首次运行，建立基线
ℹ️ 首次运行，建立基线
ℹ️ 首次运行，建立基线
ℹ️ 首次运行，建立基线
ℹ️ 首次运行，建立基线
ℹ️ 首次运行，建立基线
ℹ️ 首次运行，建立基线
✅ 正常: 速率 863 tokens/分钟
✅ 正常: 速率 678 tokens/分钟
ℹ️ 首次运行，建立基线
ℹ️ 首次运行，建立基线
ℹ️ 首次运行，建立基线
ℹ️ 首次运行，建立基线
ℹ️ 首次运行，建立基线
ℹ️ 首次运行，建立基线
ℹ️ 首次运行，建立基线
ℹ️ 首次运行，建立基线
ℹ️ 首次运行，建立基线
ℹ️ 首次运行，建立基线
ℹ️ 首次运行，建立基线
ℹ️ 首次运行，建立基线
ℹ️ 首次运行，建立基线
ℹ️ 首次运行，建立基线
ℹ️ 首次运行，建立基线
ℹ️ 首次运行，建立基线
ℹ️ 首次运行，建立基线
ℹ️ 首次运行，建立基线
ℹ️ 首次运行，建立基线
ℹ️ 首次运行，建立基线
ℹ️ 首次运行，建立基线
ℹ️ 首次运行，建立基线
ℹ️ 首次运行，建立基线
ℹ️ 首次运行，建立基线
ℹ️ 首次运行，建立基线
ℹ️ 首次运行，建立基线
ℹ️ 首次运行，建立基线
ℹ️ 首次运行，建立基线
✅ 正常: 速率 919 tokens/分钟
✅ 正常: 速率 665 tokens/分钟
ℹ️ 首次运行，建立基线
ℹ️ 首次运行，建立基线
ℹ️ 首次运行，建立基线
ℹ️ 首次运行，建立基线
ℹ️ 首次运行，建立基线
ℹ️ 首次运行，建立基线
ℹ️ 首次运行，建立基线
ℹ️ 首次运行，建立基线
ℹ️ 首次运行，建立基线
ℹ️ 首次运行，建立基线
ℹ️ 首次运行，建立基线
ℹ️ 首次运行，建立基线
ℹ️ 首次运行，建立基线
ℹ️ 首次运行，建立基线
ℹ️ 首次运行，建立基线
ℹ️ 首次运行，建立基线
ℹ️ 首次运行，建立基线
ℹ️ 首次运行，建立基线
ℹ️ 首次运行，建立基线
ℹ️ 首次运行，建立基线
ℹ️ 首次运行，建立基线
ℹ️ 首次运行，建立基线
ℹ️ 首次运行，建立基线
ℹ️ 首次运行，建立基线
ℹ️ 首次运行，建立基线
ℹ️ 首次运行，建立基线
ℹ️ 首次运行，建立基线
ℹ️ 首次运行，建立基线
✅ 正常: 速率 886 tokens/分钟
✅ 正常: 速率 256 tokens/分钟
✅ 正常: 速率 766 tokens/分钟
ℹ️ 首次运行，建立基线
ℹ️ 首次运行，建立基线
ℹ️ 首次运行，建立基线
ℹ️ 首次运行，建立基线
ℹ️ 首次运行，建立基线
ℹ️ 首次运行，建立基线
ℹ️ 首次运行，建立基线
ℹ️ 首次运行，建立基线
ℹ️ 首次运行，建立基线
ℹ️ 首次运行，建立基线
ℹ️ 首次运行，建立基线
ℹ️ 首次运行，建立基线
ℹ️ 首次运行，建立基线
ℹ️ 首次运行，建立基线
ℹ️ 首次运行，建立基线
ℹ️ 首次运行，建立基线
ℹ️ 首次运行，建立基线
ℹ️ 首次运行，建立基线
ℹ️ 首次运行，建立基线
ℹ️ 首次运行，建立基线
ℹ️ 首次运行，建立基线
ℹ️ 首次运行，建立基线
ℹ️ 首次运行，建立基线
ℹ️ 首次运行，建立基线
ℹ️ 首次运行，建立基线
ℹ️ 首次运行，建立基线
ℹ️ 首次运行，建立基线
✅ 正常: 速率 1702 tokens/分钟
✅ 正常: 速率 162 tokens/分钟
ℹ️ 首次运行，建立基线
ℹ️ 首次运行，建立基线
ℹ️ 首次运行，建立基线
ℹ️ 首次运行，建立基线
ℹ️ 首次运行，建立基线
ℹ️ 首次运行，建立基线
ℹ️ 首次运行，建立基线
ℹ️ 首次运行，建立基线
ℹ️ 首次运行，建立基线
ℹ️ 首次运行，建立基线
ℹ️ 首次运行，建立基线
ℹ️ 首次运行，建立基线
ℹ️ 首次运行，建立基线
ℹ️ 首次运行，建立基线
ℹ️ 首次运行，建立基线
ℹ️ 首次运行，建立基线
ℹ️ 首次运行，建立基线
ℹ️ 首次运行，建立基线
ℹ️ 首次运行，建立基线
ℹ️ 首次运行，建立基线
ℹ️ 首次运行，建立基线
ℹ️ 首次运行，建立基线
ℹ️ 首次运行，建立基线
ℹ️ 首次运行，建立基线
ℹ️ 首次运行，建立基线
ℹ️ 首次运行，建立基线
ℹ️ 首次运行，建立基线
ℹ️ 首次运行，建立基线
✅ 正常: 速率 1048 tokens/分钟
✅ 正常: 速率 729 tokens/分钟
ℹ️ 首次运行，建立基线
ℹ️ 首次运行，建立基线
ℹ️ 首次运行，建立基线
ℹ️ 首次运行，建立基线
ℹ️ 首次运行，建立基线
ℹ️ 首次运行，建立基线
ℹ️ 首次运行，建立基线
ℹ️ 首次运行，建立基线
ℹ️ 首次运行，建立基线
ℹ️ 首次运行，建立基线
ℹ️ 首次运行，建立基线
ℹ️ 首次运行，建立基线
ℹ️ 首次运行，建立基线
ℹ️ 首次运行，建立基线
ℹ️ 首次运行，建立基线
ℹ️ 首次运行，建立基线
ℹ️ 首次运行，建立基线
ℹ️ 首次运行，建立基线
ℹ️ 首次运行，建立基线
ℹ️ 首次运行，建立基线
ℹ️ 首次运行，建立基线
ℹ️ 首次运行，建立基线
ℹ️ 首次运行，建立基线
ℹ️ 首次运行，建立基线
ℹ️ 首次运行，建立基线
ℹ️ 首次运行，建立基线
ℹ️ 首次运行，建立基线
ℹ️ 首次运行，建立基线
✅ 正常: 速率 894 tokens/分钟
✅ 正常: 速率 111 tokens/分钟
ℹ️ 首次运行，建立基线
ℹ️ 首次运行，建立基线
ℹ️ 首次运行，建立基线
ℹ️ 首次运行，建立基线
ℹ️ 首次运行，建立基线
ℹ️ 首次运行，建立基线
ℹ️ 首次运行，建立基线
ℹ️ 首次运行，建立基线
ℹ️ 首次运行，建立基线
ℹ️ 首次运行，建立基线
ℹ️ 首次运行，建立基线
ℹ️ 首次运行，建立基线
ℹ️ 首次运行，建立基线
ℹ️ 首次运行，建立基线
ℹ️ 首次运行，建立基线
ℹ️ 首次运行，建立基线
ℹ️ 首次运行，建立基线
ℹ️ 首次运行，建立基线
ℹ️ 首次运行，建立基线
ℹ️ 首次运行，建立基线
ℹ️ 首次运行，建立基线
ℹ️ 首次运行，建立基线
ℹ️ 首次运行，建立基线
ℹ️ 首次运行，建立基线
ℹ️ 首次运行，建立基线
ℹ️ 首次运行，建立基线
ℹ️ 首次运行，建立基线
ℹ️ 首次运行，建立基线
✅ 正常: 速率 1633 tokens/分钟
✅ 正常: 速率 166 tokens/分钟
ℹ️ 首次运行，建立基线
ℹ️ 首次运行，建立基线
ℹ️ 首次运行，建立基线
ℹ️ 首次运行，建立基线
ℹ️ 首次运行，建立基线
ℹ️ 首次运行，建立基线
ℹ️ 首次运行，建立基线
ℹ️ 首次运行，建立基线
ℹ️ 首次运行，建立基线
ℹ️ 首次运行，建立基线
ℹ️ 首次运行，建立基线
ℹ️ 首次运行，建立基线
ℹ️ 首次运行，建立基线
ℹ️ 首次运行，建立基线
ℹ️ 首次运行，建立基线
ℹ️ 首次运行，建立基线
ℹ️ 首次运行，建立基线
ℹ️ 首次运行，建立基线
ℹ️ 首次运行，建立基线
ℹ️ 首次运行，建立基线
ℹ️ 首次运行，建立基线
ℹ️ 首次运行，建立基线
ℹ️ 首次运行，建立基线
ℹ️ 首次运行，建立基线
ℹ️ 首次运行，建立基线
ℹ️ 首次运行，建立基线
ℹ️ 首次运行，建立基线
ℹ️ 首次运行，建立基线
✅ 正常: 速率 894 tokens/分钟
✅ 正常: 速率 762 tokens/分钟
ℹ️ 首次运行，建立基线
ℹ️ 首次运行，建立基线
ℹ️ 首次运行，建立基线
🚨 CRITICAL: 速率 42230 tokens/分钟 (正常最大 5000)
✅ 正常: 速率 588 tokens/分钟
🚨 CRITICAL: 速率 41462 tokens/分钟 (正常最大 5000)
🚨 CRITICAL: 速率 85911 tokens/分钟 (正常最大 5000)
🚨 CRITICAL: 速率 44134 tokens/分钟 (正常最大 5000)
✅ 正常: 速率 618 tokens/分钟
✅ 正常: 速率 438 tokens/分钟
ℹ️ 首次运行，建立基线
ℹ️ 首次运行，建立基线
ℹ️ 首次运行，建立基线
ℹ️ 首次运行，建立基线
ℹ️ 首次运行，建立基线
ℹ️ 首次运行，建立基线
ℹ️ 首次运行，建立基线
ℹ️ 首次运行，建立基线
ℹ️ 首次运行，建立基线
ℹ️ 首次运行，建立基线
ℹ️ 首次运行，建立基线
ℹ️ 首次运行，建立基线
ℹ️ 首次运行，建立基线
ℹ️ 首次运行，建立基线
ℹ️ 首次运行，建立基线
ℹ️ 首次运行，建立基线
ℹ️ 首次运行，建立基线
ℹ️ 首次运行，建立基线
✅ 正常: 速率 2376 tokens/分钟
✅ 正常: 速率 1562 tokens/分钟
ℹ️ 首次运行，建立基线
ℹ️ 首次运行，建立基线
ℹ️ 首次运行，建立基线
ℹ️ 首次运行，建立基线
ℹ️ 首次运行，建立基线
ℹ️ 首次运行，建立基线
ℹ️ 首次运行，建立基线
ℹ️ 首次运行，建立基线
ℹ️ 首次运行，建立基线
ℹ️ 首次运行，建立基线
ℹ️ 首次运行，建立基线
ℹ️ 首次运行，建立基线
ℹ️ 首次运行，建立基线
ℹ️ 首次运行，建立基线
ℹ️ 首次运行，建立基线
ℹ️ 首次运行，建立基线
ℹ️ 首次运行，建立基线
ℹ️ 首次运行，建立基线
ℹ️ 首次运行，建立基线
ℹ️ 首次运行，建立基线
ℹ️ 首次运行，建立基线
ℹ️ 首次运行，建立基线
ℹ️ 首次运行，建立基线
ℹ️ 首次运行，建立基线
ℹ️ 首次运行，建立基线
ℹ️ 首次运行，建立基线
✅ 正常: 速率 1101 tokens/分钟
✅ 正常: 速率 203 tokens/分钟
✅ 正常: 速率 2279 tokens/分钟
ℹ️ 首次运行，建立基线
ℹ️ 首次运行，建立基线
ℹ️ 首次运行，建立基线
ℹ️ 首次运行，建立基线
ℹ️ 首次运行，建立基线
ℹ️ 首次运行，建立基线
ℹ️ 首次运行，建立基线
ℹ️ 首次运行，建立基线
ℹ️ 首次运行，建立基线
ℹ️ 首次运行，建立基线
ℹ️ 首次运行，建立基线
ℹ️ 首次运行，建立基线
ℹ️ 首次运行，建立基线
ℹ️ 首次运行，建立基线
ℹ️ 首次运行，建立基线
ℹ️ 首次运行，建立基线
ℹ️ 首次运行，建立基线
ℹ️ 首次运行，建立基线
ℹ️ 首次运行，建立基线
ℹ️ 首次运行，建立基线
ℹ️ 首次运行，建立基线
ℹ️ 首次运行，建立基线
ℹ️ 首次运行，建立基线
ℹ️ 首次运行，建立基线
ℹ️ 首次运行，建立基线
ℹ️ 首次运行，建立基线
ℹ️ 首次运行，建立基线
ℹ️ 首次运行，建立基线
ℹ️ 首次运行，建立基线
✅ 正常: 速率 1521 tokens/分钟
✅ 正常: 速率 180 tokens/分钟
ℹ️ 首次运行，建立基线
ℹ️ 首次运行，建立基线
ℹ️ 首次运行，建立基线
ℹ️ 首次运行，建立基线
ℹ️ 首次运行，建立基线
ℹ️ 首次运行，建立基线
ℹ️ 首次运行，建立基线
ℹ️ 首次运行，建立基线
ℹ️ 首次运行，建立基线
ℹ️ 首次运行，建立基线
ℹ️ 首次运行，建立基线
ℹ️ 首次运行，建立基线
ℹ️ 首次运行，建立基线
ℹ️ 首次运行，建立基线
ℹ️ 首次运行，建立基线
ℹ️ 首次运行，建立基线
ℹ️ 首次运行，建立基线
ℹ️ 首次运行，建立基线
ℹ️ 首次运行，建立基线
ℹ️ 首次运行，建立基线
ℹ️ 首次运行，建立基线
ℹ️ 首次运行，建立基线
ℹ️ 首次运行，建立基线
ℹ️ 首次运行，建立基线
ℹ️ 首次运行，建立基线
ℹ️ 首次运行，建立基线
ℹ️ 首次运行，建立基线
ℹ️ 首次运行，建立基线
✅ 正常: 速率 1538 tokens/分钟
✅ 正常: 速率 182 tokens/分钟
ℹ️ 首次运行，建立基线
ℹ️ 首次运行，建立基线
ℹ️ 首次运行，建立基线
ℹ️ 首次运行，建立基线
ℹ️ 首次运行，建立基线
ℹ️ 首次运行，建立基线
ℹ️ 首次运行，建立基线
ℹ️ 首次运行，建立基线
ℹ️ 首次运行，建立基线
ℹ️ 首次运行，建立基线
ℹ️ 首次运行，建立基线
ℹ️ 首次运行，建立基线
ℹ️ 首次运行，建立基线
ℹ️ 首次运行，建立基线
ℹ️ 首次运行，建立基线
ℹ️ 首次运行，建立基线
ℹ️ 首次运行，建立基线
ℹ️ 首次运行，建立基线
ℹ️ 首次运行，建立基线
ℹ️ 首次运行，建立基线
ℹ️ 首次运行，建立基线
ℹ️ 首次运行，建立基线
ℹ️ 首次运行，建立基线
ℹ️ 首次运行，建立基线
ℹ️ 首次运行，建立基线
ℹ️ 首次运行，建立基线
ℹ️ 首次运行，建立基线
ℹ️ 首次运行，建立基线
✅ 正常: 速率 1553 tokens/分钟
✅ 正常: 速率 181 tokens/分钟
ℹ️ 首次运行，建立基线
ℹ️ 首次运行，建立基线
ℹ️ 首次运行，建立基线
ℹ️ 首次运行，建立基线
ℹ️ 首次运行，建立基线
ℹ️ 首次运行，建立基线
ℹ️ 首次运行，建立基线
ℹ️ 首次运行，建立基线
ℹ️ 首次运行，建立基线
ℹ️ 首次运行，建立基线
ℹ️ 首次运行，建立基线
ℹ️ 首次运行，建立基线
ℹ️ 首次运行，建立基线
ℹ️ 首次运行，建立基线
ℹ️ 首次运行，建立基线
ℹ️ 首次运行，建立基线
ℹ️ 首次运行，建立基线
ℹ️ 首次运行，建立基线
ℹ️ 首次运行，建立基线
ℹ️ 首次运行，建立基线
ℹ️ 首次运行，建立基线
ℹ️ 首次运行，建立基线
ℹ️ 首次运行，建立基线
ℹ️ 首次运行，建立基线
ℹ️ 首次运行，建立基线
ℹ️ 首次运行，建立基线
ℹ️ 首次运行，建立基线
ℹ️ 首次运行，建立基线
✅ 正常: 速率 1137 tokens/分钟
✅ 正常: 速率 802 tokens/分钟
ℹ️ 首次运行，建立基线
ℹ️ 首次运行，建立基线
ℹ️ 首次运行，建立基线
ℹ️ 首次运行，建立基线
ℹ️ 首次运行，建立基线
ℹ️ 首次运行，建立基线
ℹ️ 首次运行，建立基线
ℹ️ 首次运行，建立基线
ℹ️ 首次运行，建立基线
ℹ️ 首次运行，建立基线
ℹ️ 首次运行，建立基线
ℹ️ 首次运行，建立基线
ℹ️ 首次运行，建立基线
ℹ️ 首次运行，建立基线
ℹ️ 首次运行，建立基线
ℹ️ 首次运行，建立基线
ℹ️ 首次运行，建立基线
ℹ️ 首次运行，建立基线
ℹ️ 首次运行，建立基线
ℹ️ 首次运行，建立基线
ℹ️ 首次运行，建立基线
ℹ️ 首次运行，建立基线
ℹ️ 首次运行，建立基线
ℹ️ 首次运行，建立基线
ℹ️ 首次运行，建立基线
ℹ️ 首次运行，建立基线
ℹ️ 首次运行，建立基线
ℹ️ 首次运行，建立基线
✅ 正常: 速率 1560 tokens/分钟
✅ 正常: 速率 181 tokens/分钟
ℹ️ 首次运行，建立基线
ℹ️ 首次运行，建立基线
ℹ️ 首次运行，建立基线
ℹ️ 首次运行，建立基线
ℹ️ 首次运行，建立基线
ℹ️ 首次运行，建立基线
ℹ️ 首次运行，建立基线
ℹ️ 首次运行，建立基线
ℹ️ 首次运行，建立基线
ℹ️ 首次运行，建立基线
ℹ️ 首次运行，建立基线
ℹ️ 首次运行，建立基线
ℹ️ 首次运行，建立基线
ℹ️ 首次运行，建立基线
ℹ️ 首次运行，建立基线
ℹ️ 首次运行，建立基线
ℹ️ 首次运行，建立基线
ℹ️ 首次运行，建立基线
ℹ️ 首次运行，建立基线
ℹ️ 首次运行，建立基线
ℹ️ 首次运行，建立基线
ℹ️ 首次运行，建立基线
ℹ️ 首次运行，建立基线
ℹ️ 首次运行，建立基线
ℹ️ 首次运行，建立基线
ℹ️ 首次运行，建立基线
ℹ️ 首次运行，建立基线
ℹ️ 首次运行，建立基线
✅ 正常: 速率 1717 tokens/分钟
ℹ️ 首次运行，建立基线
ℹ️ 首次运行，建立基线
ℹ️ 首次运行，建立基线
ℹ️ 首次运行，建立基线
ℹ️ 首次运行，建立基线
ℹ️ 首次运行，建立基线
ℹ️ 首次运行，建立基线
ℹ️ 首次运行，建立基线
ℹ️ 首次运行，建立基线
ℹ️ 首次运行，建立基线
ℹ️ 首次运行，建立基线
ℹ️ 首次运行，建立基线
ℹ️ 首次运行，建立基线
ℹ️ 首次运行，建立基线
ℹ️ 首次运行，建立基线
ℹ️ 首次运行，建立基线
ℹ️ 首次运行，建立基线
ℹ️ 首次运行，建立基线
ℹ️ 首次运行，建立基线
ℹ️ 首次运行，建立基线
ℹ️ 首次运行，建立基线
ℹ️ 首次运行，建立基线
ℹ️ 首次运行，建立基线
ℹ️ 首次运行，建立基线
ℹ️ 首次运行，建立基线
ℹ️ 首次运行，建立基线
ℹ️ 首次运行，建立基线
ℹ️ 首次运行，建立基线
ℹ️ 首次运行，建立基线
✅ 正常: 速率 1702 tokens/分钟
✅ 正常: 速率 178 tokens/分钟
ℹ️ 首次运行，建立基线
ℹ️ 首次运行，建立基线
ℹ️ 首次运行，建立基线
ℹ️ 首次运行，建立基线
ℹ️ 首次运行，建立基线
ℹ️ 首次运行，建立基线
ℹ️ 首次运行，建立基线
ℹ️ 首次运行，建立基线
ℹ️ 首次运行，建立基线
ℹ️ 首次运行，建立基线
ℹ️ 首次运行，建立基线
ℹ️ 首次运行，建立基线
ℹ️ 首次运行，建立基线
ℹ️ 首次运行，建立基线
ℹ️ 首次运行，建立基线
ℹ️ 首次运行，建立基线
ℹ️ 首次运行，建立基线
ℹ️ 首次运行，建立基线
ℹ️ 首次运行，建立基线
ℹ️ 首次运行，建立基线
ℹ️ 首次运行，建立基线
ℹ️ 首次运行，建立基线
ℹ️ 首次运行，建立基线
ℹ️ 首次运行，建立基线
ℹ️ 首次运行，建立基线
ℹ️ 首次运行，建立基线
ℹ️ 首次运行，建立基线
ℹ️ 首次运行，建立基线
✅ 正常: 速率 1779 tokens/分钟
ℹ️ 首次运行，建立基线
ℹ️ 首次运行，建立基线
ℹ️ 首次运行，建立基线
ℹ️ 首次运行，建立基线
ℹ️ 首次运行，建立基线
ℹ️ 首次运行，建立基线
ℹ️ 首次运行，建立基线
ℹ️ 首次运行，建立基线
ℹ️ 首次运行，建立基线
ℹ️ 首次运行，建立基线
ℹ️ 首次运行，建立基线
ℹ️ 首次运行，建立基线
ℹ️ 首次运行，建立基线
ℹ️ 首次运行，建立基线
ℹ️ 首次运行，建立基线
ℹ️ 首次运行，建立基线
ℹ️ 首次运行，建立基线
ℹ️ 首次运行，建立基线
ℹ️ 首次运行，建立基线
ℹ️ 首次运行，建立基线
ℹ️ 首次运行，建立基线
ℹ️ 首次运行，建立基线
ℹ️ 首次运行，建立基线
ℹ️ 首次运行，建立基线
ℹ️ 首次运行，建立基线
ℹ️ 首次运行，建立基线
ℹ️ 首次运行，建立基线
ℹ️ 首次运行，建立基线
ℹ️ 首次运行，建立基线
✅ 正常: 速率 1171 tokens/分钟
✅ 正常: 速率 976 tokens/分钟
ℹ️ 首次运行，建立基线
ℹ️ 首次运行，建立基线
ℹ️ 首次运行，建立基线
ℹ️ 首次运行，建立基线
ℹ️ 首次运行，建立基线
ℹ️ 首次运行，建立基线
ℹ️ 首次运行，建立基线
ℹ️ 首次运行，建立基线
ℹ️ 首次运行，建立基线
ℹ️ 首次运行，建立基线
ℹ️ 首次运行，建立基线
ℹ️ 首次运行，建立基线
ℹ️ 首次运行，建立基线
ℹ️ 首次运行，建立基线
ℹ️ 首次运行，建立基线
ℹ️ 首次运行，建立基线
ℹ️ 首次运行，建立基线
ℹ️ 首次运行，建立基线
ℹ️ 首次运行，建立基线
ℹ️ 首次运行，建立基线
ℹ️ 首次运行，建立基线
ℹ️ 首次运行，建立基线
ℹ️ 首次运行，建立基线
ℹ️ 首次运行，建立基线
ℹ️ 首次运行，建立基线
ℹ️ 首次运行，建立基线
ℹ️ 首次运行，建立基线
ℹ️ 首次运行，建立基线
✅ 正常: 速率 942 tokens/分钟
✅ 正常: 速率 977 tokens/分钟
ℹ️ 首次运行，建立基线
ℹ️ 首次运行，建立基线
ℹ️ 首次运行，建立基线
ℹ️ 首次运行，建立基线
ℹ️ 首次运行，建立基线
ℹ️ 首次运行，建立基线
ℹ️ 首次运行，建立基线
ℹ️ 首次运行，建立基线
ℹ️ 首次运行，建立基线
ℹ️ 首次运行，建立基线
ℹ️ 首次运行，建立基线
ℹ️ 首次运行，建立基线
ℹ️ 首次运行，建立基线
ℹ️ 首次运行，建立基线
ℹ️ 首次运行，建立基线
ℹ️ 首次运行，建立基线
ℹ️ 首次运行，建立基线
ℹ️ 首次运行，建立基线
ℹ️ 首次运行，建立基线
ℹ️ 首次运行，建立基线
ℹ️ 首次运行，建立基线
ℹ️ 首次运行，建立基线
ℹ️ 首次运行，建立基线
ℹ️ 首次运行，建立基线
ℹ️ 首次运行，建立基线
ℹ️ 首次运行，建立基线
ℹ️ 首次运行，建立基线
ℹ️ 首次运行，建立基线
✅ 正常: 速率 999 tokens/分钟
ℹ️ 首次运行，建立基线
ℹ️ 首次运行，建立基线
ℹ️ 首次运行，建立基线
ℹ️ 首次运行，建立基线
ℹ️ 首次运行，建立基线
ℹ️ 首次运行，建立基线
ℹ️ 首次运行，建立基线
ℹ️ 首次运行，建立基线
ℹ️ 首次运行，建立基线
ℹ️ 首次运行，建立基线
ℹ️ 首次运行，建立基线
ℹ️ 首次运行，建立基线
ℹ️ 首次运行，建立基线
ℹ️ 首次运行，建立基线
ℹ️ 首次运行，建立基线
ℹ️ 首次运行，建立基线
ℹ️ 首次运行，建立基线
ℹ️ 首次运行，建立基线
ℹ️ 首次运行，建立基线
ℹ️ 首次运行，建立基线
ℹ️ 首次运行，建立基线
ℹ️ 首次运行，建立基线
ℹ️ 首次运行，建立基线
ℹ️ 首次运行，建立基线
ℹ️ 首次运行，建立基线
ℹ️ 首次运行，建立基线
ℹ️ 首次运行，建立基线
ℹ️ 首次运行，建立基线
ℹ️ 首次运行，建立基线
✅ 正常: 速率 1781 tokens/分钟
ℹ️ 首次运行，建立基线
ℹ️ 首次运行，建立基线
ℹ️ 首次运行，建立基线
ℹ️ 首次运行，建立基线
ℹ️ 首次运行，建立基线
ℹ️ 首次运行，建立基线
ℹ️ 首次运行，建立基线
ℹ️ 首次运行，建立基线
ℹ️ 首次运行，建立基线
ℹ️ 首次运行，建立基线
ℹ️ 首次运行，建立基线
ℹ️ 首次运行，建立基线
ℹ️ 首次运行，建立基线
ℹ️ 首次运行，建立基线
ℹ️ 首次运行，建立基线
✅ 正常: 速率 3673 tokens/分钟
✅ 正常: 速率 1584 tokens/分钟
ℹ️ 首次运行，建立基线
ℹ️ 首次运行，建立基线
ℹ️ 首次运行，建立基线
ℹ️ 首次运行，建立基线
ℹ️ 首次运行，建立基线
ℹ️ 首次运行，建立基线
ℹ️ 首次运行，建立基线
ℹ️ 首次运行，建立基线
ℹ️ 首次运行，建立基线
ℹ️ 首次运行，建立基线
ℹ️ 首次运行，建立基线
✅ 正常: 速率 944 tokens/分钟
✅ 正常: 速率 986 tokens/分钟
ℹ️ 首次运行，建立基线
ℹ️ 首次运行，建立基线
ℹ️ 首次运行，建立基线
ℹ️ 首次运行，建立基线
ℹ️ 首次运行，建立基线
ℹ️ 首次运行，建立基线
ℹ️ 首次运行，建立基线
ℹ️ 首次运行，建立基线
ℹ️ 首次运行，建立基线
ℹ️ 首次运行，建立基线
ℹ️ 首次运行，建立基线
ℹ️ 首次运行，建立基线
ℹ️ 首次运行，建立基线
ℹ️ 首次运行，建立基线
ℹ️ 首次运行，建立基线
ℹ️ 首次运行，建立基线
ℹ️ 首次运行，建立基线
ℹ️ 首次运行，建立基线
ℹ️ 首次运行，建立基线
ℹ️ 首次运行，建立基线
ℹ️ 首次运行，建立基线
ℹ️ 首次运行，建立基线
ℹ️ 首次运行，建立基线
ℹ️ 首次运行，建立基线
ℹ️ 首次运行，建立基线
ℹ️ 首次运行，建立基线
ℹ️ 首次运行，建立基线
ℹ️ 首次运行，建立基线
✅ 正常: 速率 1974 tokens/分钟
✅ 正常: 速率 253 tokens/分钟
ℹ️ 首次运行，建立基线
ℹ️ 首次运行，建立基线
ℹ️ 首次运行，建立基线
ℹ️ 首次运行，建立基线
ℹ️ 首次运行，建立基线
ℹ️ 首次运行，建立基线
ℹ️ 首次运行，建立基线
ℹ️ 首次运行，建立基线
ℹ️ 首次运行，建立基线
ℹ️ 首次运行，建立基线
ℹ️ 首次运行，建立基线
ℹ️ 首次运行，建立基线
ℹ️ 首次运行，建立基线
ℹ️ 首次运行，建立基线
ℹ️ 首次运行，建立基线
ℹ️ 首次运行，建立基线
ℹ️ 首次运行，建立基线
ℹ️ 首次运行，建立基线
ℹ️ 首次运行，建立基线
ℹ️ 首次运行，建立基线
ℹ️ 首次运行，建立基线
ℹ️ 首次运行，建立基线
ℹ️ 首次运行，建立基线
ℹ️ 首次运行，建立基线
ℹ️ 首次运行，建立基线
ℹ️ 首次运行，建立基线
ℹ️ 首次运行，建立基线
ℹ️ 首次运行，建立基线
✅ 正常: 速率 1751 tokens/分钟
✅ 正常: 速率 716 tokens/分钟
ℹ️ 首次运行，建立基线
ℹ️ 首次运行，建立基线
ℹ️ 首次运行，建立基线
ℹ️ 首次运行，建立基线
ℹ️ 首次运行，建立基线
ℹ️ 首次运行，建立基线
ℹ️ 首次运行，建立基线
ℹ️ 首次运行，建立基线
ℹ️ 首次运行，建立基线
ℹ️ 首次运行，建立基线
ℹ️ 首次运行，建立基线
ℹ️ 首次运行，建立基线
ℹ️ 首次运行，建立基线
ℹ️ 首次运行，建立基线
ℹ️ 首次运行，建立基线
ℹ️ 首次运行，建立基线
ℹ️ 首次运行，建立基线
ℹ️ 首次运行，建立基线
ℹ️ 首次运行，建立基线
ℹ️ 首次运行，建立基线
ℹ️ 首次运行，建立基线
ℹ️ 首次运行，建立基线
ℹ️ 首次运行，建立基线
ℹ️ 首次运行，建立基线
ℹ️ 首次运行，建立基线
ℹ️ 首次运行，建立基线
ℹ️ 首次运行，建立基线
ℹ️ 首次运行，建立基线
✅ 正常: 速率 1784 tokens/分钟
ℹ️ 首次运行，建立基线
ℹ️ 首次运行，建立基线
ℹ️ 首次运行，建立基线
ℹ️ 首次运行，建立基线
ℹ️ 首次运行，建立基线
ℹ️ 首次运行，建立基线
ℹ️ 首次运行，建立基线
ℹ️ 首次运行，建立基线
ℹ️ 首次运行，建立基线
ℹ️ 首次运行，建立基线
ℹ️ 首次运行，建立基线
ℹ️ 首次运行，建立基线
ℹ️ 首次运行，建立基线
ℹ️ 首次运行，建立基线
ℹ️ 首次运行，建立基线
ℹ️ 首次运行，建立基线
ℹ️ 首次运行，建立基线
ℹ️ 首次运行，建立基线
✅ 正常: 速率 2652 tokens/分钟
⚠️ WARNING: 速率 12397 tokens/分钟 (正常最大 5000)
✅ 正常: 速率 5455 tokens/分钟
✅ 正常: 速率 3427 tokens/分钟
✅ 正常: 速率 886 tokens/分钟
ℹ️ 首次运行，建立基线
ℹ️ 首次运行，建立基线
ℹ️ 首次运行，建立基线
ℹ️ 首次运行，建立基线
ℹ️ 首次运行，建立基线
ℹ️ 首次运行，建立基线
ℹ️ 首次运行，建立基线
ℹ️ 首次运行，建立基线
ℹ️ 首次运行，建立基线
ℹ️ 首次运行，建立基线
ℹ️ 首次运行，建立基线
ℹ️ 首次运行，建立基线
ℹ️ 首次运行，建立基线
ℹ️ 首次运行，建立基线
ℹ️ 首次运行，建立基线
ℹ️ 首次运行，建立基线
ℹ️ 首次运行，建立基线
ℹ️ 首次运行，建立基线
ℹ️ 首次运行，建立基线
ℹ️ 首次运行，建立基线
ℹ️ 首次运行，建立基线
ℹ️ 首次运行，建立基线
ℹ️ 首次运行，建立基线
ℹ️ 首次运行，建立基线
ℹ️ 首次运行，建立基线
ℹ️ 首次运行，建立基线
ℹ️ 首次运行，建立基线
ℹ️ 首次运行，建立基线
✅ 正常: 速率 2336 tokens/分钟
ℹ️ 首次运行，建立基线
ℹ️ 首次运行，建立基线
ℹ️ 首次运行，建立基线
ℹ️ 首次运行，建立基线
ℹ️ 首次运行，建立基线
ℹ️ 首次运行，建立基线
ℹ️ 首次运行，建立基线
ℹ️ 首次运行，建立基线
ℹ️ 首次运行，建立基线
ℹ️ 首次运行，建立基线
ℹ️ 首次运行，建立基线
ℹ️ 首次运行，建立基线
ℹ️ 首次运行，建立基线
ℹ️ 首次运行，建立基线
ℹ️ 首次运行，建立基线
ℹ️ 首次运行，建立基线
ℹ️ 首次运行，建立基线
ℹ️ 首次运行，建立基线
ℹ️ 首次运行，建立基线
ℹ️ 首次运行，建立基线
ℹ️ 首次运行，建立基线
ℹ️ 首次运行，建立基线
ℹ️ 首次运行，建立基线
ℹ️ 首次运行，建立基线
ℹ️ 首次运行，建立基线
ℹ️ 首次运行，建立基线
ℹ️ 首次运行，建立基线
ℹ️ 首次运行，建立基线
ℹ️ 首次运行，建立基线
✅ 正常: 速率 1994 tokens/分钟
ℹ️ 首次运行，建立基线
ℹ️ 首次运行，建立基线
ℹ️ 首次运行，建立基线
ℹ️ 首次运行，建立基线
ℹ️ 首次运行，建立基线
ℹ️ 首次运行，建立基线
ℹ️ 首次运行，建立基线
ℹ️ 首次运行，建立基线
ℹ️ 首次运行，建立基线
ℹ️ 首次运行，建立基线
ℹ️ 首次运行，建立基线
ℹ️ 首次运行，建立基线
ℹ️ 首次运行，建立基线
ℹ️ 首次运行，建立基线
ℹ️ 首次运行，建立基线
ℹ️ 首次运行，建立基线
ℹ️ 首次运行，建立基线
ℹ️ 首次运行，建立基线
ℹ️ 首次运行，建立基线
ℹ️ 首次运行，建立基线
ℹ️ 首次运行，建立基线
ℹ️ 首次运行，建立基线
ℹ️ 首次运行，建立基线
ℹ️ 首次运行，建立基线
ℹ️ 首次运行，建立基线
ℹ️ 首次运行，建立基线
ℹ️ 首次运行，建立基线
ℹ️ 首次运行，建立基线
ℹ️ 首次运行，建立基线
✅ 正常: 速率 2133 tokens/分钟
ℹ️ 首次运行，建立基线
ℹ️ 首次运行，建立基线
ℹ️ 首次运行，建立基线
ℹ️ 首次运行，建立基线
ℹ️ 首次运行，建立基线
ℹ️ 首次运行，建立基线
ℹ️ 首次运行，建立基线
ℹ️ 首次运行，建立基线
ℹ️ 首次运行，建立基线
ℹ️ 首次运行，建立基线
ℹ️ 首次运行，建立基线
ℹ️ 首次运行，建立基线
ℹ️ 首次运行，建立基线
ℹ️ 首次运行，建立基线
ℹ️ 首次运行，建立基线
ℹ️ 首次运行，建立基线
ℹ️ 首次运行，建立基线
ℹ️ 首次运行，建立基线
ℹ️ 首次运行，建立基线
ℹ️ 首次运行，建立基线
ℹ️ 首次运行，建立基线
ℹ️ 首次运行，建立基线
ℹ️ 首次运行，建立基线
ℹ️ 首次运行，建立基线
ℹ️ 首次运行，建立基线
ℹ️ 首次运行，建立基线
ℹ️ 首次运行，建立基线
ℹ️ 首次运行，建立基线
ℹ️ 首次运行，建立基线
✅ 正常: 速率 2261 tokens/分钟
ℹ️ 首次运行，建立基线
ℹ️ 首次运行，建立基线
ℹ️ 首次运行，建立基线
ℹ️ 首次运行，建立基线
ℹ️ 首次运行，建立基线
ℹ️ 首次运行，建立基线
ℹ️ 首次运行，建立基线
ℹ️ 首次运行，建立基线
ℹ️ 首次运行，建立基线
ℹ️ 首次运行，建立基线
ℹ️ 首次运行，建立基线
ℹ️ 首次运行，建立基线
ℹ️ 首次运行，建立基线
ℹ️ 首次运行，建立基线
ℹ️ 首次运行，建立基线
ℹ️ 首次运行，建立基线
ℹ️ 首次运行，建立基线
ℹ️ 首次运行，建立基线
ℹ️ 首次运行，建立基线
ℹ️ 首次运行，建立基线
ℹ️ 首次运行，建立基线
ℹ️ 首次运行，建立基线
ℹ️ 首次运行，建立基线
ℹ️ 首次运行，建立基线
✅ 正常: 速率 8549 tokens/分钟
ℹ️ 首次运行，建立基线
ℹ️ 首次运行，建立基线
ℹ️ 首次运行，建立基线
ℹ️ 首次运行，建立基线
✅ 正常: 速率 2298 tokens/分钟
ℹ️ 首次运行，建立基线
ℹ️ 首次运行，建立基线
ℹ️ 首次运行，建立基线
ℹ️ 首次运行，建立基线
ℹ️ 首次运行，建立基线
ℹ️ 首次运行，建立基线
ℹ️ 首次运行，建立基线
ℹ️ 首次运行，建立基线
ℹ️ 首次运行，建立基线
ℹ️ 首次运行，建立基线
ℹ️ 首次运行，建立基线
ℹ️ 首次运行，建立基线
ℹ️ 首次运行，建立基线
ℹ️ 首次运行，建立基线
ℹ️ 首次运行，建立基线
ℹ️ 首次运行，建立基线
ℹ️ 首次运行，建立基线
ℹ️ 首次运行，建立基线
ℹ️ 首次运行，建立基线
ℹ️ 首次运行，建立基线
ℹ️ 首次运行，建立基线
ℹ️ 首次运行，建立基线
ℹ️ 首次运行，建立基线
ℹ️ 首次运行，建立基线
⚠️ WARNING: 速率 17130 tokens/分钟 (正常最大 5000)
✅ 正常: 速率 4464 tokens/分钟
ℹ️ 首次运行，建立基线
ℹ️ 首次运行，建立基线
ℹ️ 首次运行，建立基线
✅ 正常: 速率 2355 tokens/分钟
ℹ️ 首次运行，建立基线
✅ 正常: 速率 3436 tokens/分钟
✅ 正常: 速率 1765 tokens/分钟
✅ 正常: 速率 4717 tokens/分钟
✅ 正常: 速率 8007 tokens/分钟
✅ 正常: 速率 967 tokens/分钟
ℹ️ 首次运行，建立基线
ℹ️ 首次运行，建立基线
ℹ️ 首次运行，建立基线
ℹ️ 首次运行，建立基线
ℹ️ 首次运行，建立基线
ℹ️ 首次运行，建立基线
ℹ️ 首次运行，建立基线
✅ 正常: 速率 2041 tokens/分钟
ℹ️ 首次运行，建立基线
✅ 正常: 速率 5590 tokens/分钟
⚠️ WARNING: 速率 11931 tokens/分钟 (正常最大 5000)
✅ 正常: 速率 4337 tokens/分钟
⚠️ WARNING: 速率 13635 tokens/分钟 (正常最大 5000)
✅ 正常: 速率 5838 tokens/分钟
✅ 正常: 速率 4714 tokens/分钟
✅ 正常: 速率 6480 tokens/分钟
✅ 正常: 速率 7361 tokens/分钟
✅ 正常: 速率 4334 tokens/分钟
✅ 正常: 速率 3538 tokens/分钟
✅ 正常: 速率 4456 tokens/分钟
✅ 正常: 速率 707 tokens/分钟
ℹ️ 首次运行，建立基线
✅ 正常: 速率 2051 tokens/分钟
✅ 正常: 速率 3774 tokens/分钟
ℹ️ 首次运行，建立基线
ℹ️ 首次运行，建立基线
ℹ️ 首次运行，建立基线
✅ 正常: 速率 144 tokens/分钟
✅ 正常: 速率 1062 tokens/分钟
ℹ️ 首次运行，建立基线
ℹ️ 首次运行，建立基线
ℹ️ 首次运行，建立基线
ℹ️ 首次运行，建立基线
ℹ️ 首次运行，建立基线
ℹ️ 首次运行，建立基线
ℹ️ 首次运行，建立基线
ℹ️ 首次运行，建立基线
ℹ️ 首次运行，建立基线
ℹ️ 首次运行，建立基线
ℹ️ 首次运行，建立基线
ℹ️ 首次运行，建立基线
ℹ️ 首次运行，建立基线
ℹ️ 首次运行，建立基线
ℹ️ 首次运行，建立基线
ℹ️ 首次运行，建立基线
ℹ️ 首次运行，建立基线
ℹ️ 首次运行，建立基线
ℹ️ 首次运行，建立基线
✅ 正常: 速率 2163 tokens/分钟
✅ 正常: 速率 811 tokens/分钟
✅ 正常: 速率 314 tokens/分钟
✅ 正常: 速率 1804 tokens/分钟
ℹ️ 首次运行，建立基线
ℹ️ 首次运行，建立基线
ℹ️ 首次运行，建立基线
ℹ️ 首次运行，建立基线
ℹ️ 首次运行，建立基线
✅ 正常: 速率 1694 tokens/分钟
✅ 正常: 速率 209 tokens/分钟
ℹ️ 首次运行，建立基线
ℹ️ 首次运行，建立基线
ℹ️ 首次运行，建立基线
ℹ️ 首次运行，建立基线
ℹ️ 首次运行，建立基线
ℹ️ 首次运行，建立基线
ℹ️ 首次运行，建立基线
ℹ️ 首次运行，建立基线
ℹ️ 首次运行，建立基线
ℹ️ 首次运行，建立基线
ℹ️ 首次运行，建立基线
ℹ️ 首次运行，建立基线
ℹ️ 首次运行，建立基线
ℹ️ 首次运行，建立基线
ℹ️ 首次运行，建立基线
ℹ️ 首次运行，建立基线
ℹ️ 首次运行，建立基线
ℹ️ 首次运行，建立基线
✅ 正常: 速率 5106 tokens/分钟
✅ 正常: 速率 1521 tokens/分钟
✅ 正常: 速率 1170 tokens/分钟
✅ 正常: 速率 1702 tokens/分钟
ℹ️ 首次运行，建立基线
✅ 正常: 速率 1281 tokens/分钟
✅ 正常: 速率 1335 tokens/分钟
✅ 正常: 速率 4430 tokens/分钟
✅ 正常: 速率 4105 tokens/分钟
✅ 正常: 速率 640 tokens/分钟
✅ 正常: 速率 1775 tokens/分钟
ℹ️ 首次运行，建立基线
ℹ️ 首次运行，建立基线
ℹ️ 首次运行，建立基线
✅ 正常: 速率 1443 tokens/分钟
✅ 正常: 速率 1534 tokens/分钟
✅ 正常: 速率 1527 tokens/分钟
✅ 正常: 速率 195 tokens/分钟
⚠️ WARNING: 速率 21941 tokens/分钟 (正常最大 5000)
ℹ️ 首次运行，建立基线
ℹ️ 首次运行，建立基线
ℹ️ 首次运行，建立基线
ℹ️ 首次运行，建立基线
ℹ️ 首次运行，建立基线
✅ 正常: 速率 151 tokens/分钟
✅ 正常: 速率 1531 tokens/分钟
ℹ️ 首次运行，建立基线
✅ 正常: 速率 1780 tokens/分钟
✅ 正常: 速率 8707 tokens/分钟
✅ 正常: 速率 1029 tokens/分钟
ℹ️ 首次运行，建立基线
✅ 正常: 速率 1719 tokens/分钟
✅ 正常: 速率 725 tokens/分钟
ℹ️ 首次运行，建立基线
ℹ️ 首次运行，建立基线
ℹ️ 首次运行，建立基线
ℹ️ 首次运行，建立基线
ℹ️ 首次运行，建立基线
ℹ️ 首次运行，建立基线
ℹ️ 首次运行，建立基线
✅ 正常: 速率 1997 tokens/分钟
✅ 正常: 速率 1062 tokens/分钟
ℹ️ 首次运行，建立基线
✅ 正常: 速率 1845 tokens/分钟
✅ 正常: 速率 1055 tokens/分钟
✅ 正常: 速率 3965 tokens/分钟
✅ 正常: 速率 3261 tokens/分钟
✅ 正常: 速率 2119 tokens/分钟
✅ 正常: 速率 2486 tokens/分钟
✅ 正常: 速率 3382 tokens/分钟
✅ 正常: 速率 1086 tokens/分钟
✅ 正常: 速率 5781 tokens/分钟
✅ 正常: 速率 2233 tokens/分钟
✅ 正常: 速率 4926 tokens/分钟
✅ 正常: 速率 4878 tokens/分钟
✅ 正常: 速率 3131 tokens/分钟
✅ 正常: 速率 3061 tokens/分钟
ℹ️ 首次运行，建立基线
ℹ️ 首次运行，建立基线
ℹ️ 首次运行，建立基线
ℹ️ 首次运行，建立基线
ℹ️ 首次运行，建立基线
✅ 正常: 速率 162 tokens/分钟
✅ 正常: 速率 2412 tokens/分钟
✅ 正常: 速率 2723 tokens/分钟
✅ 正常: 速率 614 tokens/分钟
ℹ️ 首次运行，建立基线
ℹ️ 首次运行，建立基线
ℹ️ 首次运行，建立基线
ℹ️ 首次运行，建立基线
ℹ️ 首次运行，建立基线
ℹ️ 首次运行，建立基线
ℹ️ 首次运行，建立基线
ℹ️ 首次运行，建立基线
ℹ️ 首次运行，建立基线
ℹ️ 首次运行，建立基线
ℹ️ 首次运行，建立基线
ℹ️ 首次运行，建立基线
ℹ️ 首次运行，建立基线
ℹ️ 首次运行，建立基线
ℹ️ 首次运行，建立基线
ℹ️ 首次运行，建立基线
ℹ️ 首次运行，建立基线
ℹ️ 首次运行，建立基线
ℹ️ 首次运行，建立基线
✅ 正常: 速率 543 tokens/分钟
✅ 正常: 速率 3161 tokens/分钟
✅ 正常: 速率 1245 tokens/分钟
ℹ️ 首次运行，建立基线
ℹ️ 首次运行，建立基线
ℹ️ 首次运行，建立基线
ℹ️ 首次运行，建立基线
ℹ️ 首次运行，建立基线
ℹ️ 首次运行，建立基线
ℹ️ 首次运行，建立基线
ℹ️ 首次运行，建立基线
ℹ️ 首次运行，建立基线
ℹ️ 首次运行，建立基线
ℹ️ 首次运行，建立基线
ℹ️ 首次运行，建立基线
ℹ️ 首次运行，建立基线
ℹ️ 首次运行，建立基线
ℹ️ 首次运行，建立基线
ℹ️ 首次运行，建立基线
ℹ️ 首次运行，建立基线
ℹ️ 首次运行，建立基线
ℹ️ 首次运行，建立基线
ℹ️ 首次运行，建立基线
ℹ️ 首次运行，建立基线
ℹ️ 首次运行，建立基线
ℹ️ 首次运行，建立基线
ℹ️ 首次运行，建立基线
ℹ️ 首次运行，建立基线
ℹ️ 首次运行，建立基线
ℹ️ 首次运行，建立基线
ℹ️ 首次运行，建立基线
✅ 正常: 速率 971 tokens/分钟
✅ 正常: 速率 775 tokens/分钟
✅ 正常: 速率 230 tokens/分钟
ℹ️ 首次运行，建立基线
ℹ️ 首次运行，建立基线
ℹ️ 首次运行，建立基线
ℹ️ 首次运行，建立基线
ℹ️ 首次运行，建立基线
ℹ️ 首次运行，建立基线
ℹ️ 首次运行，建立基线
ℹ️ 首次运行，建立基线
ℹ️ 首次运行，建立基线
ℹ️ 首次运行，建立基线
ℹ️ 首次运行，建立基线
✅ 正常: 速率 996 tokens/分钟
ℹ️ 首次运行，建立基线
✅ 正常: 速率 347 tokens/分钟
ℹ️ 首次运行，建立基线
ℹ️ 首次运行，建立基线
ℹ️ 首次运行，建立基线
ℹ️ 首次运行，建立基线
ℹ️ 首次运行，建立基线
ℹ️ 首次运行，建立基线
ℹ️ 首次运行，建立基线
ℹ️ 首次运行，建立基线
ℹ️ 首次运行，建立基线
ℹ️ 首次运行，建立基线
ℹ️ 首次运行，建立基线
ℹ️ 首次运行，建立基线
ℹ️ 首次运行，建立基线
ℹ️ 首次运行，建立基线
ℹ️ 首次运行，建立基线
ℹ️ 首次运行，建立基线
ℹ️ 首次运行，建立基线
ℹ️ 首次运行，建立基线
ℹ️ 首次运行，建立基线
ℹ️ 首次运行，建立基线
ℹ️ 首次运行，建立基线
ℹ️ 首次运行，建立基线
ℹ️ 首次运行，建立基线
ℹ️ 首次运行，建立基线
ℹ️ 首次运行，建立基线
ℹ️ 首次运行，建立基线
ℹ️ 首次运行，建立基线
✅ 正常: 速率 2417 tokens/分钟
ℹ️ 首次运行，建立基线
ℹ️ 首次运行，建立基线
ℹ️ 首次运行，建立基线
ℹ️ 首次运行，建立基线
ℹ️ 首次运行，建立基线
ℹ️ 首次运行，建立基线
ℹ️ 首次运行，建立基线
ℹ️ 首次运行，建立基线
ℹ️ 首次运行，建立基线
ℹ️ 首次运行，建立基线
ℹ️ 首次运行，建立基线
ℹ️ 首次运行，建立基线
ℹ️ 首次运行，建立基线
ℹ️ 首次运行，建立基线
ℹ️ 首次运行，建立基线
ℹ️ 首次运行，建立基线
ℹ️ 首次运行，建立基线
ℹ️ 首次运行，建立基线
ℹ️ 首次运行，建立基线
ℹ️ 首次运行，建立基线
ℹ️ 首次运行，建立基线
ℹ️ 首次运行，建立基线
ℹ️ 首次运行，建立基线
ℹ️ 首次运行，建立基线
ℹ️ 首次运行，建立基线
ℹ️ 首次运行，建立基线
ℹ️ 首次运行，建立基线
ℹ️ 首次运行，建立基线
ℹ️ 首次运行，建立基线
✅ 正常: 速率 1315 tokens/分钟
✅ 正常: 速率 2877 tokens/分钟
ℹ️ 首次运行，建立基线
ℹ️ 首次运行，建立基线
ℹ️ 首次运行，建立基线
ℹ️ 首次运行，建立基线
ℹ️ 首次运行，建立基线
ℹ️ 首次运行，建立基线
ℹ️ 首次运行，建立基线
ℹ️ 首次运行，建立基线
ℹ️ 首次运行，建立基线
ℹ️ 首次运行，建立基线
ℹ️ 首次运行，建立基线
ℹ️ 首次运行，建立基线
ℹ️ 首次运行，建立基线
ℹ️ 首次运行，建立基线
ℹ️ 首次运行，建立基线
ℹ️ 首次运行，建立基线
ℹ️ 首次运行，建立基线
ℹ️ 首次运行，建立基线
ℹ️ 首次运行，建立基线
ℹ️ 首次运行，建立基线
ℹ️ 首次运行，建立基线
ℹ️ 首次运行，建立基线
ℹ️ 首次运行，建立基线
ℹ️ 首次运行，建立基线
ℹ️ 首次运行，建立基线
ℹ️ 首次运行，建立基线
ℹ️ 首次运行，建立基线
ℹ️ 首次运行，建立基线
✅ 正常: 速率 1244 tokens/分钟
✅ 正常: 速率 1096 tokens/分钟
ℹ️ 首次运行，建立基线
ℹ️ 首次运行，建立基线
ℹ️ 首次运行，建立基线
ℹ️ 首次运行，建立基线
ℹ️ 首次运行，建立基线
ℹ️ 首次运行，建立基线
ℹ️ 首次运行，建立基线
ℹ️ 首次运行，建立基线
ℹ️ 首次运行，建立基线
ℹ️ 首次运行，建立基线
ℹ️ 首次运行，建立基线
ℹ️ 首次运行，建立基线
✅ 正常: 速率 983 tokens/分钟
✅ 正常: 速率 2493 tokens/分钟
✅ 正常: 速率 1784 tokens/分钟
✅ 正常: 速率 2139 tokens/分钟
✅ 正常: 速率 2795 tokens/分钟
✅ 正常: 速率 6509 tokens/分钟
✅ 正常: 速率 2880 tokens/分钟
✅ 正常: 速率 2907 tokens/分钟
✅ 正常: 速率 3052 tokens/分钟
✅ 正常: 速率 4615 tokens/分钟
ℹ️ 首次运行，建立基线
🚨 CRITICAL: 速率 73316 tokens/分钟 (正常最大 5000)
✅ 正常: 速率 3387 tokens/分钟
✅ 正常: 速率 5011 tokens/分钟
✅ 正常: 速率 1295 tokens/分钟
✅ 正常: 速率 182 tokens/分钟
✅ 正常: 速率 1332 tokens/分钟
✅ 正常: 速率 2955 tokens/分钟
✅ 正常: 速率 1811 tokens/分钟
✅ 正常: 速率 1807 tokens/分钟
✅ 正常: 速率 7159 tokens/分钟
✅ 正常: 速率 2302 tokens/分钟
✅ 正常: 速率 8960 tokens/分钟
✅ 正常: 速率 1992 tokens/分钟
✅ 正常: 速率 4698 tokens/分钟
✅ 正常: 速率 1752 tokens/分钟
✅ 正常: 速率 1527 tokens/分钟
✅ 正常: 速率 5753 tokens/分钟
✅ 正常: 速率 1499 tokens/分钟
✅ 正常: 速率 739 tokens/分钟
✅ 正常: 速率 859 tokens/分钟
✅ 正常: 速率 990 tokens/分钟
ℹ️ 首次运行，建立基线
ℹ️ 首次运行，建立基线
✅ 正常: 速率 3577 tokens/分钟
⚠️ WARNING: 速率 10611 tokens/分钟 (正常最大 5000)
✅ 正常: 速率 2775 tokens/分钟
✅ 正常: 速率 1337 tokens/分钟
✅ 正常: 速率 152 tokens/分钟
✅ 正常: 速率 4992 tokens/分钟
✅ 正常: 速率 1315 tokens/分钟
✅ 正常: 速率 6442 tokens/分钟
✅ 正常: 速率 3574 tokens/分钟
ℹ️ 首次运行，建立基线
✅ 正常: 速率 844 tokens/分钟
ℹ️ 首次运行，建立基线
✅ 正常: 速率 2167 tokens/分钟
ℹ️ 首次运行，建立基线
ℹ️ 首次运行，建立基线
ℹ️ 首次运行，建立基线
ℹ️ 首次运行，建立基线
ℹ️ 首次运行，建立基线
ℹ️ 首次运行，建立基线
ℹ️ 首次运行，建立基线
ℹ️ 首次运行，建立基线
ℹ️ 首次运行，建立基线
ℹ️ 首次运行，建立基线
ℹ️ 首次运行，建立基线
ℹ️ 首次运行，建立基线
ℹ️ 首次运行，建立基线
ℹ️ 首次运行，建立基线
ℹ️ 首次运行，建立基线
ℹ️ 首次运行，建立基线
ℹ️ 首次运行，建立基线
ℹ️ 首次运行，建立基线
ℹ️ 首次运行，建立基线
ℹ️ 首次运行，建立基线
ℹ️ 首次运行，建立基线
ℹ️ 首次运行，建立基线
ℹ️ 首次运行，建立基线
ℹ️ 首次运行，建立基线
ℹ️ 首次运行，建立基线
ℹ️ 首次运行，建立基线
ℹ️ 首次运行，建立基线
ℹ️ 首次运行，建立基线
ℹ️ 首次运行，建立基线
✅ 正常: 速率 1715 tokens/分钟
ℹ️ 首次运行，建立基线
ℹ️ 首次运行，建立基线
ℹ️ 首次运行，建立基线
ℹ️ 首次运行，建立基线
ℹ️ 首次运行，建立基线
ℹ️ 首次运行，建立基线
✅ 正常: 速率 1990 tokens/分钟
ℹ️ 首次运行，建立基线
ℹ️ 首次运行，建立基线
ℹ️ 首次运行，建立基线
✅ 正常: 速率 9349 tokens/分钟
✅ 正常: 速率 4717 tokens/分钟
✅ 正常: 速率 144 tokens/分钟
✅ 正常: 速率 2289 tokens/分钟
✅ 正常: 速率 714 tokens/分钟
✅ 正常: 速率 1991 tokens/分钟
✅ 正常: 速率 2192 tokens/分钟
✅ 正常: 速率 2370 tokens/分钟
✅ 正常: 速率 4582 tokens/分钟
ℹ️ 首次运行，建立基线
ℹ️ 首次运行，建立基线
ℹ️ 首次运行，建立基线
✅ 正常: 速率 2225 tokens/分钟
✅ 正常: 速率 747 tokens/分钟
ℹ️ 首次运行，建立基线
ℹ️ 首次运行，建立基线
ℹ️ 首次运行，建立基线
ℹ️ 首次运行，建立基线
ℹ️ 首次运行，建立基线
✅ 正常: 速率 2314 tokens/分钟
ℹ️ 首次运行，建立基线
ℹ️ 首次运行，建立基线
ℹ️ 首次运行，建立基线
ℹ️ 首次运行，建立基线
ℹ️ 首次运行，建立基线
ℹ️ 首次运行，建立基线
ℹ️ 首次运行，建立基线
ℹ️ 首次运行，建立基线
ℹ️ 首次运行，建立基线
ℹ️ 首次运行，建立基线
ℹ️ 首次运行，建立基线
ℹ️ 首次运行，建立基线
ℹ️ 首次运行，建立基线
ℹ️ 首次运行，建立基线
ℹ️ 首次运行，建立基线
ℹ️ 首次运行，建立基线
ℹ️ 首次运行，建立基线
ℹ️ 首次运行，建立基线
ℹ️ 首次运行，建立基线
ℹ️ 首次运行，建立基线
ℹ️ 首次运行，建立基线
ℹ️ 首次运行，建立基线
ℹ️ 首次运行，建立基线
ℹ️ 首次运行，建立基线
ℹ️ 首次运行，建立基线
✅ 正常: 速率 2034 tokens/分钟
✅ 正常: 速率 864 tokens/分钟
ℹ️ 首次运行，建立基线
ℹ️ 首次运行，建立基线
✅ 正常: 速率 1394 tokens/分钟
✅ 正常: 速率 1151 tokens/分钟
ℹ️ 首次运行，建立基线
ℹ️ 首次运行，建立基线
ℹ️ 首次运行，建立基线
ℹ️ 首次运行，建立基线
ℹ️ 首次运行，建立基线
ℹ️ 首次运行，建立基线
ℹ️ 首次运行，建立基线
ℹ️ 首次运行，建立基线
ℹ️ 首次运行，建立基线
ℹ️ 首次运行，建立基线
ℹ️ 首次运行，建立基线
ℹ️ 首次运行，建立基线
ℹ️ 首次运行，建立基线
ℹ️ 首次运行，建立基线
ℹ️ 首次运行，建立基线
ℹ️ 首次运行，建立基线
ℹ️ 首次运行，建立基线
ℹ️ 首次运行，建立基线
ℹ️ 首次运行，建立基线
ℹ️ 首次运行，建立基线
ℹ️ 首次运行，建立基线
ℹ️ 首次运行，建立基线
ℹ️ 首次运行，建立基线
ℹ️ 首次运行，建立基线
ℹ️ 首次运行，建立基线
ℹ️ 首次运行，建立基线
ℹ️ 首次运行，建立基线
ℹ️ 首次运行，建立基线
✅ 正常: 速率 1098 tokens/分钟
✅ 正常: 速率 1651 tokens/分钟
✅ 正常: 速率 232 tokens/分钟
✅ 正常: 速率 756 tokens/分钟
✅ 正常: 速率 4546 tokens/分钟
✅ 正常: 速率 1065 tokens/分钟
ℹ️ 首次运行，建立基线
ℹ️ 首次运行，建立基线
ℹ️ 首次运行，建立基线
ℹ️ 首次运行，建立基线
ℹ️ 首次运行，建立基线
ℹ️ 首次运行，建立基线
ℹ️ 首次运行，建立基线
ℹ️ 首次运行，建立基线
ℹ️ 首次运行，建立基线
ℹ️ 首次运行，建立基线
ℹ️ 首次运行，建立基线
ℹ️ 首次运行，建立基线
ℹ️ 首次运行，建立基线
ℹ️ 首次运行，建立基线
ℹ️ 首次运行，建立基线
ℹ️ 首次运行，建立基线
ℹ️ 首次运行，建立基线
ℹ️ 首次运行，建立基线
ℹ️ 首次运行，建立基线
ℹ️ 首次运行，建立基线
ℹ️ 首次运行，建立基线
ℹ️ 首次运行，建立基线
ℹ️ 首次运行，建立基线
ℹ️ 首次运行，建立基线
✅ 正常: 速率 2118 tokens/分钟
ℹ️ 首次运行，建立基线
ℹ️ 首次运行，建立基线
ℹ️ 首次运行，建立基线
ℹ️ 首次运行，建立基线
ℹ️ 首次运行，建立基线
ℹ️ 首次运行，建立基线
ℹ️ 首次运行，建立基线
ℹ️ 首次运行，建立基线
ℹ️ 首次运行，建立基线
ℹ️ 首次运行，建立基线
ℹ️ 首次运行，建立基线
ℹ️ 首次运行，建立基线
ℹ️ 首次运行，建立基线
ℹ️ 首次运行，建立基线
ℹ️ 首次运行，建立基线
✅ 正常: 速率 2405 tokens/分钟
✅ 正常: 速率 1056 tokens/分钟
ℹ️ 首次运行，建立基线
ℹ️ 首次运行，建立基线
ℹ️ 首次运行，建立基线
ℹ️ 首次运行，建立基线
ℹ️ 首次运行，建立基线
ℹ️ 首次运行，建立基线
ℹ️ 首次运行，建立基线
ℹ️ 首次运行，建立基线
ℹ️ 首次运行，建立基线
ℹ️ 首次运行，建立基线
ℹ️ 首次运行，建立基线
ℹ️ 首次运行，建立基线
✅ 正常: 速率 1125 tokens/分钟
✅ 正常: 速率 1263 tokens/分钟
ℹ️ 首次运行，建立基线
ℹ️ 首次运行，建立基线
ℹ️ 首次运行，建立基线
ℹ️ 首次运行，建立基线
ℹ️ 首次运行，建立基线
ℹ️ 首次运行，建立基线
ℹ️ 首次运行，建立基线
ℹ️ 首次运行，建立基线
ℹ️ 首次运行，建立基线
ℹ️ 首次运行，建立基线
ℹ️ 首次运行，建立基线
ℹ️ 首次运行，建立基线
ℹ️ 首次运行，建立基线
ℹ️ 首次运行，建立基线
ℹ️ 首次运行，建立基线
ℹ️ 首次运行，建立基线
ℹ️ 首次运行，建立基线
ℹ️ 首次运行，建立基线
ℹ️ 首次运行，建立基线
ℹ️ 首次运行，建立基线
ℹ️ 首次运行，建立基线
ℹ️ 首次运行，建立基线
ℹ️ 首次运行，建立基线
ℹ️ 首次运行，建立基线
ℹ️ 首次运行，建立基线
ℹ️ 首次运行，建立基线
ℹ️ 首次运行，建立基线
ℹ️ 首次运行，建立基线
✅ 正常: 速率 1988 tokens/分钟
✅ 正常: 速率 342 tokens/分钟
ℹ️ 首次运行，建立基线
ℹ️ 首次运行，建立基线
ℹ️ 首次运行，建立基线
ℹ️ 首次运行，建立基线
ℹ️ 首次运行，建立基线
ℹ️ 首次运行，建立基线
ℹ️ 首次运行，建立基线
ℹ️ 首次运行，建立基线
ℹ️ 首次运行，建立基线
ℹ️ 首次运行，建立基线
ℹ️ 首次运行，建立基线
ℹ️ 首次运行，建立基线
ℹ️ 首次运行，建立基线
ℹ️ 首次运行，建立基线
ℹ️ 首次运行，建立基线
ℹ️ 首次运行，建立基线
ℹ️ 首次运行，建立基线
ℹ️ 首次运行，建立基线
ℹ️ 首次运行，建立基线
ℹ️ 首次运行，建立基线
ℹ️ 首次运行，建立基线
ℹ️ 首次运行，建立基线
ℹ️ 首次运行，建立基线
ℹ️ 首次运行，建立基线
ℹ️ 首次运行，建立基线
ℹ️ 首次运行，建立基线
ℹ️ 首次运行，建立基线
ℹ️ 首次运行，建立基线
✅ 正常: 速率 394 tokens/分钟
✅ 正常: 速率 2260 tokens/分钟
ℹ️ 首次运行，建立基线
ℹ️ 首次运行，建立基线
ℹ️ 首次运行，建立基线
ℹ️ 首次运行，建立基线
ℹ️ 首次运行，建立基线
ℹ️ 首次运行，建立基线
ℹ️ 首次运行，建立基线
ℹ️ 首次运行，建立基线
ℹ️ 首次运行，建立基线
ℹ️ 首次运行，建立基线
ℹ️ 首次运行，建立基线
ℹ️ 首次运行，建立基线
ℹ️ 首次运行，建立基线
ℹ️ 首次运行，建立基线
ℹ️ 首次运行，建立基线
ℹ️ 首次运行，建立基线
ℹ️ 首次运行，建立基线
ℹ️ 首次运行，建立基线
ℹ️ 首次运行，建立基线
ℹ️ 首次运行，建立基线
ℹ️ 首次运行，建立基线
ℹ️ 首次运行，建立基线
ℹ️ 首次运行，建立基线
ℹ️ 首次运行，建立基线
ℹ️ 首次运行，建立基线
ℹ️ 首次运行，建立基线
ℹ️ 首次运行，建立基线
ℹ️ 首次运行，建立基线
✅ 正常: 速率 1374 tokens/分钟
✅ 正常: 速率 1217 tokens/分钟
ℹ️ 首次运行，建立基线
ℹ️ 首次运行，建立基线
ℹ️ 首次运行，建立基线
ℹ️ 首次运行，建立基线
ℹ️ 首次运行，建立基线
ℹ️ 首次运行，建立基线
✅ 正常: 速率 145 tokens/分钟
✅ 正常: 速率 1487 tokens/分钟
✅ 正常: 速率 1867 tokens/分钟
✅ 正常: 速率 2161 tokens/分钟
✅ 正常: 速率 1443 tokens/分钟
✅ 正常: 速率 2076 tokens/分钟
✅ 正常: 速率 1821 tokens/分钟
ℹ️ 首次运行，建立基线
✅ 正常: 速率 140 tokens/分钟
✅ 正常: 速率 1482 tokens/分钟
ℹ️ 首次运行，建立基线
ℹ️ 首次运行，建立基线
✅ 正常: 速率 139 tokens/分钟
✅ 正常: 速率 1491 tokens/分钟
✅ 正常: 速率 2034 tokens/分钟
✅ 正常: 速率 2186 tokens/分钟
✅ 正常: 速率 1330 tokens/分钟
✅ 正常: 速率 2312 tokens/分钟
✅ 正常: 速率 2171 tokens/分钟
✅ 正常: 速率 2552 tokens/分钟
✅ 正常: 速率 4638 tokens/分钟
✅ 正常: 速率 1729 tokens/分钟
✅ 正常: 速率 4693 tokens/分钟
✅ 正常: 速率 2710 tokens/分钟
⚠️ WARNING: 速率 11411 tokens/分钟 (正常最大 5000)
✅ 正常: 速率 5355 tokens/分钟
✅ 正常: 速率 2101 tokens/分钟
✅ 正常: 速率 2124 tokens/分钟
✅ 正常: 速率 2421 tokens/分钟
✅ 正常: 速率 206 tokens/分钟
✅ 正常: 速率 2680 tokens/分钟
✅ 正常: 速率 454 tokens/分钟
✅ 正常: 速率 4340 tokens/分钟
⚠️ WARNING: 速率 11575 tokens/分钟 (正常最大 5000)
✅ 正常: 速率 2277 tokens/分钟
✅ 正常: 速率 2217 tokens/分钟
✅ 正常: 速率 1287 tokens/分钟
✅ 正常: 速率 559 tokens/分钟
ℹ️ 首次运行，建立基线
✅ 正常: 速率 2891 tokens/分钟
✅ 正常: 速率 1538 tokens/分钟
ℹ️ 首次运行，建立基线
✅ 正常: 速率 1335 tokens/分钟
⚠️ WARNING: 速率 13186 tokens/分钟 (正常最大 5000)
ℹ️ 首次运行，建立基线
ℹ️ 首次运行，建立基线
ℹ️ 首次运行，建立基线
ℹ️ 首次运行，建立基线
ℹ️ 首次运行，建立基线
ℹ️ 首次运行，建立基线
ℹ️ 首次运行，建立基线
ℹ️ 首次运行，建立基线
✅ 正常: 速率 2211 tokens/分钟
✅ 正常: 速率 329 tokens/分钟
ℹ️ 首次运行，建立基线
ℹ️ 首次运行，建立基线
ℹ️ 首次运行，建立基线
ℹ️ 首次运行，建立基线
ℹ️ 首次运行，建立基线
ℹ️ 首次运行，建立基线
ℹ️ 首次运行，建立基线
✅ 正常: 速率 139 tokens/分钟
✅ 正常: 速率 2831 tokens/分钟
✅ 正常: 速率 2354 tokens/分钟
✅ 正常: 速率 777 tokens/分钟
✅ 正常: 速率 1901 tokens/分钟
✅ 正常: 速率 951 tokens/分钟
✅ 正常: 速率 2950 tokens/分钟
✅ 正常: 速率 2299 tokens/分钟
✅ 正常: 速率 3812 tokens/分钟
✅ 正常: 速率 1101 tokens/分钟
✅ 正常: 速率 4843 tokens/分钟
✅ 正常: 速率 2754 tokens/分钟
✅ 正常: 速率 1538 tokens/分钟
ℹ️ 首次运行，建立基线
ℹ️ 首次运行，建立基线
ℹ️ 首次运行，建立基线
ℹ️ 首次运行，建立基线
ℹ️ 首次运行，建立基线
ℹ️ 首次运行，建立基线
ℹ️ 首次运行，建立基线
ℹ️ 首次运行，建立基线
ℹ️ 首次运行，建立基线
ℹ️ 首次运行，建立基线
ℹ️ 首次运行，建立基线
ℹ️ 首次运行，建立基线
ℹ️ 首次运行，建立基线
ℹ️ 首次运行，建立基线
ℹ️ 首次运行，建立基线
ℹ️ 首次运行，建立基线
ℹ️ 首次运行，建立基线
ℹ️ 首次运行，建立基线
ℹ️ 首次运行，建立基线
ℹ️ 首次运行，建立基线
ℹ️ 首次运行，建立基线
ℹ️ 首次运行，建立基线
ℹ️ 首次运行，建立基线
ℹ️ 首次运行，建立基线
✅ 正常: 速率 144 tokens/分钟
✅ 正常: 速率 2692 tokens/分钟
ℹ️ 首次运行，建立基线
ℹ️ 首次运行，建立基线
ℹ️ 首次运行，建立基线
ℹ️ 首次运行，建立基线
ℹ️ 首次运行，建立基线
ℹ️ 首次运行，建立基线
ℹ️ 首次运行，建立基线
ℹ️ 首次运行，建立基线
ℹ️ 首次运行，建立基线
ℹ️ 首次运行，建立基线
ℹ️ 首次运行，建立基线
ℹ️ 首次运行，建立基线
✅ 正常: 速率 2608 tokens/分钟
✅ 正常: 速率 855 tokens/分钟
ℹ️ 首次运行，建立基线
ℹ️ 首次运行，建立基线
ℹ️ 首次运行，建立基线
ℹ️ 首次运行，建立基线
ℹ️ 首次运行，建立基线
ℹ️ 首次运行，建立基线
ℹ️ 首次运行，建立基线
ℹ️ 首次运行，建立基线
ℹ️ 首次运行，建立基线
ℹ️ 首次运行，建立基线
ℹ️ 首次运行，建立基线
ℹ️ 首次运行，建立基线
ℹ️ 首次运行，建立基线
ℹ️ 首次运行，建立基线
ℹ️ 首次运行，建立基线
ℹ️ 首次运行，建立基线
ℹ️ 首次运行，建立基线
ℹ️ 首次运行，建立基线
ℹ️ 首次运行，建立基线
ℹ️ 首次运行，建立基线
ℹ️ 首次运行，建立基线
ℹ️ 首次运行，建立基线
ℹ️ 首次运行，建立基线
ℹ️ 首次运行，建立基线
ℹ️ 首次运行，建立基线
ℹ️ 首次运行，建立基线
ℹ️ 首次运行，建立基线
ℹ️ 首次运行，建立基线
✅ 正常: 速率 2139 tokens/分钟
✅ 正常: 速率 443 tokens/分钟
✅ 正常: 速率 2038 tokens/分钟
✅ 正常: 速率 9543 tokens/分钟
✅ 正常: 速率 1975 tokens/分钟
✅ 正常: 速率 1184 tokens/分钟
ℹ️ 首次运行，建立基线
✅ 正常: 速率 798 tokens/分钟
✅ 正常: 速率 1376 tokens/分钟
✅ 正常: 速率 609 tokens/分钟
ℹ️ 首次运行，建立基线
ℹ️ 首次运行，建立基线
✅ 正常: 速率 155 tokens/分钟
✅ 正常: 速率 1075 tokens/分钟
ℹ️ 首次运行，建立基线
✅ 正常: 速率 1294 tokens/分钟
✅ 正常: 速率 1471 tokens/分钟
ℹ️ 首次运行，建立基线
ℹ️ 首次运行，建立基线
ℹ️ 首次运行，建立基线
✅ 正常: 速率 4438 tokens/分钟
✅ 正常: 速率 863 tokens/分钟
ℹ️ 首次运行，建立基线
ℹ️ 首次运行，建立基线
ℹ️ 首次运行，建立基线
ℹ️ 首次运行，建立基线
ℹ️ 首次运行，建立基线
ℹ️ 首次运行，建立基线
✅ 正常: 速率 1629 tokens/分钟
ℹ️ 首次运行，建立基线
ℹ️ 首次运行，建立基线
ℹ️ 首次运行，建立基线
✅ 正常: 速率 144 tokens/分钟
✅ 正常: 速率 2077 tokens/分钟
✅ 正常: 速率 595 tokens/分钟
ℹ️ 首次运行，建立基线
ℹ️ 首次运行，建立基线
ℹ️ 首次运行，建立基线
ℹ️ 首次运行，建立基线
ℹ️ 首次运行，建立基线
ℹ️ 首次运行，建立基线
✅ 正常: 速率 3962 tokens/分钟
✅ 正常: 速率 1304 tokens/分钟
✅ 正常: 速率 8528 tokens/分钟
✅ 正常: 速率 6341 tokens/分钟
ℹ️ 首次运行，建立基线
ℹ️ 首次运行，建立基线
✅ 正常: 速率 177 tokens/分钟
✅ 正常: 速率 2764 tokens/分钟
✅ 正常: 速率 3399 tokens/分钟
✅ 正常: 速率 4561 tokens/分钟
✅ 正常: 速率 1485 tokens/分钟
✅ 正常: 速率 1701 tokens/分钟
✅ 正常: 速率 6689 tokens/分钟
✅ 正常: 速率 2499 tokens/分钟
✅ 正常: 速率 1710 tokens/分钟
ℹ️ 首次运行，建立基线
ℹ️ 首次运行，建立基线
ℹ️ 首次运行，建立基线
ℹ️ 首次运行，建立基线
✅ 正常: 速率 146 tokens/分钟
✅ 正常: 速率 3658 tokens/分钟
✅ 正常: 速率 3228 tokens/分钟
✅ 正常: 速率 1753 tokens/分钟
✅ 正常: 速率 4560 tokens/分钟
✅ 正常: 速率 5323 tokens/分钟
✅ 正常: 速率 2716 tokens/分钟
✅ 正常: 速率 720 tokens/分钟
✅ 正常: 速率 945 tokens/分钟
✅ 正常: 速率 4643 tokens/分钟
✅ 正常: 速率 2724 tokens/分钟
✅ 正常: 速率 3163 tokens/分钟
ℹ️ 首次运行，建立基线
✅ 正常: 速率 142 tokens/分钟
ℹ️ 首次运行，建立基线
✅ 正常: 速率 2640 tokens/分钟
ℹ️ 首次运行，建立基线
ℹ️ 首次运行，建立基线
ℹ️ 首次运行，建立基线
ℹ️ 首次运行，建立基线
ℹ️ 首次运行，建立基线
ℹ️ 首次运行，建立基线
ℹ️ 首次运行，建立基线
ℹ️ 首次运行，建立基线
ℹ️ 首次运行，建立基线
ℹ️ 首次运行，建立基线
ℹ️ 首次运行，建立基线
ℹ️ 首次运行，建立基线
ℹ️ 首次运行，建立基线
ℹ️ 首次运行，建立基线
ℹ️ 首次运行，建立基线
ℹ️ 首次运行，建立基线
ℹ️ 首次运行，建立基线
ℹ️ 首次运行，建立基线
ℹ️ 首次运行，建立基线
ℹ️ 首次运行，建立基线
ℹ️ 首次运行，建立基线
ℹ️ 首次运行，建立基线
ℹ️ 首次运行，建立基线
ℹ️ 首次运行，建立基线
ℹ️ 首次运行，建立基线
ℹ️ 首次运行，建立基线
ℹ️ 首次运行，建立基线
✅ 正常: 速率 1162 tokens/分钟
✅ 正常: 速率 1960 tokens/分钟
✅ 正常: 速率 3160 tokens/分钟
✅ 正常: 速率 3160 tokens/分钟
✅ 正常: 速率 458 tokens/分钟
ℹ️ 首次运行，建立基线
ℹ️ 首次运行，建立基线
ℹ️ 首次运行，建立基线
ℹ️ 首次运行，建立基线
ℹ️ 首次运行，建立基线
ℹ️ 首次运行，建立基线
ℹ️ 首次运行，建立基线
ℹ️ 首次运行，建立基线
ℹ️ 首次运行，建立基线
ℹ️ 首次运行，建立基线
ℹ️ 首次运行，建立基线
ℹ️ 首次运行，建立基线
ℹ️ 首次运行，建立基线
ℹ️ 首次运行，建立基线
ℹ️ 首次运行，建立基线
ℹ️ 首次运行，建立基线
ℹ️ 首次运行，建立基线
ℹ️ 首次运行，建立基线
ℹ️ 首次运行，建立基线
ℹ️ 首次运行，建立基线
ℹ️ 首次运行，建立基线
ℹ️ 首次运行，建立基线
ℹ️ 首次运行，建立基线
ℹ️ 首次运行，建立基线
ℹ️ 首次运行，建立基线
ℹ️ 首次运行，建立基线
ℹ️ 首次运行，建立基线
ℹ️ 首次运行，建立基线
✅ 正常: 速率 1768 tokens/分钟
✅ 正常: 速率 2238 tokens/分钟
ℹ️ 首次运行，建立基线
ℹ️ 首次运行，建立基线
ℹ️ 首次运行，建立基线
ℹ️ 首次运行，建立基线
ℹ️ 首次运行，建立基线
ℹ️ 首次运行，建立基线
ℹ️ 首次运行，建立基线
ℹ️ 首次运行，建立基线
ℹ️ 首次运行，建立基线
ℹ️ 首次运行，建立基线
ℹ️ 首次运行，建立基线
ℹ️ 首次运行，建立基线
✅ 正常: 速率 463 tokens/分钟
ℹ️ 首次运行，建立基线
ℹ️ 首次运行，建立基线
ℹ️ 首次运行，建立基线
ℹ️ 首次运行，建立基线
ℹ️ 首次运行，建立基线
ℹ️ 首次运行，建立基线
ℹ️ 首次运行，建立基线
ℹ️ 首次运行，建立基线
ℹ️ 首次运行，建立基线
ℹ️ 首次运行，建立基线
ℹ️ 首次运行，建立基线
ℹ️ 首次运行，建立基线
ℹ️ 首次运行，建立基线
ℹ️ 首次运行，建立基线
ℹ️ 首次运行，建立基线
ℹ️ 首次运行，建立基线
ℹ️ 首次运行，建立基线
ℹ️ 首次运行，建立基线
ℹ️ 首次运行，建立基线
ℹ️ 首次运行，建立基线
ℹ️ 首次运行，建立基线
ℹ️ 首次运行，建立基线
ℹ️ 首次运行，建立基线
ℹ️ 首次运行，建立基线
ℹ️ 首次运行，建立基线
ℹ️ 首次运行，建立基线
ℹ️ 首次运行，建立基线
ℹ️ 首次运行，建立基线
ℹ️ 首次运行，建立基线
✅ 正常: 速率 1496 tokens/分钟
✅ 正常: 速率 247 tokens/分钟
ℹ️ 首次运行，建立基线
ℹ️ 首次运行，建立基线
ℹ️ 首次运行，建立基线
ℹ️ 首次运行，建立基线
ℹ️ 首次运行，建立基线
ℹ️ 首次运行，建立基线
ℹ️ 首次运行，建立基线
ℹ️ 首次运行，建立基线
ℹ️ 首次运行，建立基线
ℹ️ 首次运行，建立基线
ℹ️ 首次运行，建立基线
ℹ️ 首次运行，建立基线
ℹ️ 首次运行，建立基线
ℹ️ 首次运行，建立基线
ℹ️ 首次运行，建立基线
ℹ️ 首次运行，建立基线
ℹ️ 首次运行，建立基线
ℹ️ 首次运行，建立基线
ℹ️ 首次运行，建立基线
ℹ️ 首次运行，建立基线
ℹ️ 首次运行，建立基线
ℹ️ 首次运行，建立基线
ℹ️ 首次运行，建立基线
ℹ️ 首次运行，建立基线
ℹ️ 首次运行，建立基线
ℹ️ 首次运行，建立基线
ℹ️ 首次运行，建立基线
ℹ️ 首次运行，建立基线
✅ 正常: 速率 1682 tokens/分钟
✅ 正常: 速率 971 tokens/分钟
ℹ️ 首次运行，建立基线
ℹ️ 首次运行，建立基线
ℹ️ 首次运行，建立基线
ℹ️ 首次运行，建立基线
ℹ️ 首次运行，建立基线
ℹ️ 首次运行，建立基线
ℹ️ 首次运行，建立基线
ℹ️ 首次运行，建立基线
ℹ️ 首次运行，建立基线
ℹ️ 首次运行，建立基线
ℹ️ 首次运行，建立基线
ℹ️ 首次运行，建立基线
ℹ️ 首次运行，建立基线
ℹ️ 首次运行，建立基线
ℹ️ 首次运行，建立基线
ℹ️ 首次运行，建立基线
ℹ️ 首次运行，建立基线
ℹ️ 首次运行，建立基线
ℹ️ 首次运行，建立基线
ℹ️ 首次运行，建立基线
ℹ️ 首次运行，建立基线
ℹ️ 首次运行，建立基线
ℹ️ 首次运行，建立基线
ℹ️ 首次运行，建立基线
ℹ️ 首次运行，建立基线
ℹ️ 首次运行，建立基线
ℹ️ 首次运行，建立基线
ℹ️ 首次运行，建立基线
✅ 正常: 速率 1711 tokens/分钟
✅ 正常: 速率 252 tokens/分钟
ℹ️ 首次运行，建立基线
ℹ️ 首次运行，建立基线
ℹ️ 首次运行，建立基线
ℹ️ 首次运行，建立基线
ℹ️ 首次运行，建立基线
ℹ️ 首次运行，建立基线
ℹ️ 首次运行，建立基线
ℹ️ 首次运行，建立基线
ℹ️ 首次运行，建立基线
ℹ️ 首次运行，建立基线
ℹ️ 首次运行，建立基线
ℹ️ 首次运行，建立基线
ℹ️ 首次运行，建立基线
ℹ️ 首次运行，建立基线
ℹ️ 首次运行，建立基线
ℹ️ 首次运行，建立基线
ℹ️ 首次运行，建立基线
ℹ️ 首次运行，建立基线
ℹ️ 首次运行，建立基线
ℹ️ 首次运行，建立基线
ℹ️ 首次运行，建立基线
ℹ️ 首次运行，建立基线
ℹ️ 首次运行，建立基线
ℹ️ 首次运行，建立基线
ℹ️ 首次运行，建立基线
ℹ️ 首次运行，建立基线
ℹ️ 首次运行，建立基线
ℹ️ 首次运行，建立基线
✅ 正常: 速率 336 tokens/分钟
ℹ️ 首次运行，建立基线
ℹ️ 首次运行，建立基线
ℹ️ 首次运行，建立基线
ℹ️ 首次运行，建立基线
ℹ️ 首次运行，建立基线
ℹ️ 首次运行，建立基线
ℹ️ 首次运行，建立基线
ℹ️ 首次运行，建立基线
ℹ️ 首次运行，建立基线
ℹ️ 首次运行，建立基线
ℹ️ 首次运行，建立基线
ℹ️ 首次运行，建立基线
ℹ️ 首次运行，建立基线
ℹ️ 首次运行，建立基线
ℹ️ 首次运行，建立基线
ℹ️ 首次运行，建立基线
ℹ️ 首次运行，建立基线
ℹ️ 首次运行，建立基线
ℹ️ 首次运行，建立基线
ℹ️ 首次运行，建立基线
ℹ️ 首次运行，建立基线
ℹ️ 首次运行，建立基线
ℹ️ 首次运行，建立基线
ℹ️ 首次运行，建立基线
ℹ️ 首次运行，建立基线
ℹ️ 首次运行，建立基线
ℹ️ 首次运行，建立基线
ℹ️ 首次运行，建立基线
ℹ️ 首次运行，建立基线
✅ 正常: 速率 1535 tokens/分钟
✅ 正常: 速率 253 tokens/分钟
ℹ️ 首次运行，建立基线
ℹ️ 首次运行，建立基线
ℹ️ 首次运行，建立基线
ℹ️ 首次运行，建立基线
ℹ️ 首次运行，建立基线
ℹ️ 首次运行，建立基线
ℹ️ 首次运行，建立基线
ℹ️ 首次运行，建立基线
ℹ️ 首次运行，建立基线
ℹ️ 首次运行，建立基线
ℹ️ 首次运行，建立基线
ℹ️ 首次运行，建立基线
ℹ️ 首次运行，建立基线
ℹ️ 首次运行，建立基线
ℹ️ 首次运行，建立基线
ℹ️ 首次运行，建立基线
ℹ️ 首次运行，建立基线
ℹ️ 首次运行，建立基线
ℹ️ 首次运行，建立基线
ℹ️ 首次运行，建立基线
ℹ️ 首次运行，建立基线
ℹ️ 首次运行，建立基线
ℹ️ 首次运行，建立基线
ℹ️ 首次运行，建立基线
ℹ️ 首次运行，建立基线
ℹ️ 首次运行，建立基线
ℹ️ 首次运行，建立基线
ℹ️ 首次运行，建立基线
✅ 正常: 速率 1944 tokens/分钟
✅ 正常: 速率 153 tokens/分钟
ℹ️ 首次运行，建立基线
ℹ️ 首次运行，建立基线
ℹ️ 首次运行，建立基线
ℹ️ 首次运行，建立基线
ℹ️ 首次运行，建立基线
ℹ️ 首次运行，建立基线
ℹ️ 首次运行，建立基线
ℹ️ 首次运行，建立基线
ℹ️ 首次运行，建立基线
ℹ️ 首次运行，建立基线
ℹ️ 首次运行，建立基线
ℹ️ 首次运行，建立基线
ℹ️ 首次运行，建立基线
ℹ️ 首次运行，建立基线
ℹ️ 首次运行，建立基线
ℹ️ 首次运行，建立基线
ℹ️ 首次运行，建立基线
ℹ️ 首次运行，建立基线
ℹ️ 首次运行，建立基线
✅ 正常: 速率 2303 tokens/分钟
✅ 正常: 速率 1430 tokens/分钟
✅ 正常: 速率 5531 tokens/分钟
✅ 正常: 速率 2487 tokens/分钟
ℹ️ 首次运行，建立基线
ℹ️ 首次运行，建立基线
ℹ️ 首次运行，建立基线
ℹ️ 首次运行，建立基线
ℹ️ 首次运行，建立基线
ℹ️ 首次运行，建立基线
ℹ️ 首次运行，建立基线
ℹ️ 首次运行，建立基线
ℹ️ 首次运行，建立基线
ℹ️ 首次运行，建立基线
ℹ️ 首次运行，建立基线
ℹ️ 首次运行，建立基线
ℹ️ 首次运行，建立基线
ℹ️ 首次运行，建立基线
ℹ️ 首次运行，建立基线
ℹ️ 首次运行，建立基线
ℹ️ 首次运行，建立基线
ℹ️ 首次运行，建立基线
ℹ️ 首次运行，建立基线
ℹ️ 首次运行，建立基线
ℹ️ 首次运行，建立基线
ℹ️ 首次运行，建立基线
ℹ️ 首次运行，建立基线
ℹ️ 首次运行，建立基线
ℹ️ 首次运行，建立基线
ℹ️ 首次运行，建立基线
ℹ️ 首次运行，建立基线
ℹ️ 首次运行，建立基线
ℹ️ 首次运行，建立基线
ℹ️ 首次运行，建立基线
ℹ️ 首次运行，建立基线
ℹ️ 首次运行，建立基线
ℹ️ 首次运行，建立基线
ℹ️ 首次运行，建立基线
ℹ️ 首次运行，建立基线
ℹ️ 首次运行，建立基线
ℹ️ 首次运行，建立基线
ℹ️ 首次运行，建立基线
ℹ️ 首次运行，建立基线
ℹ️ 首次运行，建立基线
ℹ️ 首次运行，建立基线
ℹ️ 首次运行，建立基线
ℹ️ 首次运行，建立基线
ℹ️ 首次运行，建立基线
ℹ️ 首次运行，建立基线
ℹ️ 首次运行，建立基线
ℹ️ 首次运行，建立基线
ℹ️ 首次运行，建立基线
ℹ️ 首次运行，建立基线
ℹ️ 首次运行，建立基线
ℹ️ 首次运行，建立基线
ℹ️ 首次运行，建立基线
ℹ️ 首次运行，建立基线
ℹ️ 首次运行，建立基线
ℹ️ 首次运行，建立基线
ℹ️ 首次运行，建立基线
ℹ️ 首次运行，建立基线
ℹ️ 首次运行，建立基线
ℹ️ 首次运行，建立基线
ℹ️ 首次运行，建立基线
ℹ️ 首次运行，建立基线
ℹ️ 首次运行，建立基线
ℹ️ 首次运行，建立基线
ℹ️ 首次运行，建立基线
ℹ️ 首次运行，建立基线
ℹ️ 首次运行，建立基线
ℹ️ 首次运行，建立基线
ℹ️ 首次运行，建立基线
ℹ️ 首次运行，建立基线
ℹ️ 首次运行，建立基线
ℹ️ 首次运行，建立基线
ℹ️ 首次运行，建立基线
ℹ️ 首次运行，建立基线
ℹ️ 首次运行，建立基线
ℹ️ 首次运行，建立基线
ℹ️ 首次运行，建立基线
ℹ️ 首次运行，建立基线
ℹ️ 首次运行，建立基线
ℹ️ 首次运行，建立基线
ℹ️ 首次运行，建立基线
ℹ️ 首次运行，建立基线
ℹ️ 首次运行，建立基线
ℹ️ 首次运行，建立基线
ℹ️ 首次运行，建立基线
ℹ️ 首次运行，建立基线
ℹ️ 首次运行，建立基线
ℹ️ 首次运行，建立基线
ℹ️ 首次运行，建立基线
ℹ️ 首次运行，建立基线
ℹ️ 首次运行，建立基线
ℹ️ 首次运行，建立基线
ℹ️ 首次运行，建立基线
ℹ️ 首次运行，建立基线
ℹ️ 首次运行，建立基线
ℹ️ 首次运行，建立基线
ℹ️ 首次运行，建立基线
ℹ️ 首次运行，建立基线
ℹ️ 首次运行，建立基线
ℹ️ 首次运行，建立基线
ℹ️ 首次运行，建立基线
ℹ️ 首次运行，建立基线
ℹ️ 首次运行，建立基线
ℹ️ 首次运行，建立基线
ℹ️ 首次运行，建立基线
ℹ️ 首次运行，建立基线
ℹ️ 首次运行，建立基线
ℹ️ 首次运行，建立基线
ℹ️ 首次运行，建立基线
ℹ️ 首次运行，建立基线
ℹ️ 首次运行，建立基线
ℹ️ 首次运行，建立基线
ℹ️ 首次运行，建立基线
ℹ️ 首次运行，建立基线
ℹ️ 首次运行，建立基线
ℹ️ 首次运行，建立基线
ℹ️ 首次运行，建立基线
ℹ️ 首次运行，建立基线
ℹ️ 首次运行，建立基线
ℹ️ 首次运行，建立基线
ℹ️ 首次运行，建立基线
ℹ️ 首次运行，建立基线
ℹ️ 首次运行，建立基线
ℹ️ 首次运行，建立基线
ℹ️ 首次运行，建立基线
ℹ️ 首次运行，建立基线
ℹ️ 首次运行，建立基线
ℹ️ 首次运行，建立基线
ℹ️ 首次运行，建立基线
ℹ️ 首次运行，建立基线
ℹ️ 首次运行，建立基线
ℹ️ 首次运行，建立基线
ℹ️ 首次运行，建立基线
ℹ️ 首次运行，建立基线
ℹ️ 首次运行，建立基线
ℹ️ 首次运行，建立基线
ℹ️ 首次运行，建立基线
ℹ️ 首次运行，建立基线
ℹ️ 首次运行，建立基线
ℹ️ 首次运行，建立基线
ℹ️ 首次运行，建立基线
ℹ️ 首次运行，建立基线
ℹ️ 首次运行，建立基线
ℹ️ 首次运行，建立基线
ℹ️ 首次运行，建立基线
ℹ️ 首次运行，建立基线
ℹ️ 首次运行，建立基线
ℹ️ 首次运行，建立基线
ℹ️ 首次运行，建立基线
ℹ️ 首次运行，建立基线
ℹ️ 首次运行，建立基线
ℹ️ 首次运行，建立基线
ℹ️ 首次运行，建立基线
ℹ️ 首次运行，建立基线
ℹ️ 首次运行，建立基线
ℹ️ 首次运行，建立基线
ℹ️ 首次运行，建立基线
ℹ️ 首次运行，建立基线
ℹ️ 首次运行，建立基线
ℹ️ 首次运行，建立基线
ℹ️ 首次运行，建立基线
ℹ️ 首次运行，建立基线
ℹ️ 首次运行，建立基线
ℹ️ 首次运行，建立基线
ℹ️ 首次运行，建立基线
ℹ️ 首次运行，建立基线
ℹ️ 首次运行，建立基线
ℹ️ 首次运行，建立基线
ℹ️ 首次运行，建立基线
ℹ️ 首次运行，建立基线
ℹ️ 首次运行，建立基线
ℹ️ 首次运行，建立基线
ℹ️ 首次运行，建立基线
ℹ️ 首次运行，建立基线
ℹ️ 首次运行，建立基线
ℹ️ 首次运行，建立基线
ℹ️ 首次运行，建立基线
ℹ️ 首次运行，建立基线
ℹ️ 首次运行，建立基线
ℹ️ 首次运行，建立基线
ℹ️ 首次运行，建立基线
ℹ️ 首次运行，建立基线
ℹ️ 首次运行，建立基线
ℹ️ 首次运行，建立基线
ℹ️ 首次运行，建立基线
ℹ️ 首次运行，建立基线
ℹ️ 首次运行，建立基线
ℹ️ 首次运行，建立基线
ℹ️ 首次运行，建立基线
ℹ️ 首次运行，建立基线
ℹ️ 首次运行，建立基线
ℹ️ 首次运行，建立基线
ℹ️ 首次运行，建立基线
ℹ️ 首次运行，建立基线
ℹ️ 首次运行，建立基线
ℹ️ 首次运行，建立基线
ℹ️ 首次运行，建立基线
ℹ️ 首次运行，建立基线
ℹ️ 首次运行，建立基线
ℹ️ 首次运行，建立基线
ℹ️ 首次运行，建立基线
ℹ️ 首次运行，建立基线
ℹ️ 首次运行，建立基线
ℹ️ 首次运行，建立基线
ℹ️ 首次运行，建立基线
ℹ️ 首次运行，建立基线
ℹ️ 首次运行，建立基线
ℹ️ 首次运行，建立基线
ℹ️ 首次运行，建立基线
ℹ️ 首次运行，建立基线
ℹ️ 首次运行，建立基线
ℹ️ 首次运行，建立基线
ℹ️ 首次运行，建立基线
ℹ️ 首次运行，建立基线
ℹ️ 首次运行，建立基线
ℹ️ 首次运行，建立基线
ℹ️ 首次运行，建立基线
ℹ️ 首次运行，建立基线
ℹ️ 首次运行，建立基线
ℹ️ 首次运行，建立基线
ℹ️ 首次运行，建立基线
ℹ️ 首次运行，建立基线
ℹ️ 首次运行，建立基线
ℹ️ 首次运行，建立基线
ℹ️ 首次运行，建立基线
ℹ️ 首次运行，建立基线
ℹ️ 首次运行，建立基线
ℹ️ 首次运行，建立基线
ℹ️ 首次运行，建立基线
ℹ️ 首次运行，建立基线
ℹ️ 首次运行，建立基线
ℹ️ 首次运行，建立基线
ℹ️ 首次运行，建立基线
ℹ️ 首次运行，建立基线
ℹ️ 首次运行，建立基线
ℹ️ 首次运行，建立基线
ℹ️ 首次运行，建立基线
ℹ️ 首次运行，建立基线
ℹ️ 首次运行，建立基线
ℹ️ 首次运行，建立基线
ℹ️ 首次运行，建立基线
ℹ️ 首次运行，建立基线
ℹ️ 首次运行，建立基线
ℹ️ 首次运行，建立基线
ℹ️ 首次运行，建立基线
ℹ️ 首次运行，建立基线
ℹ️ 首次运行，建立基线
ℹ️ 首次运行，建立基线
ℹ️ 首次运行，建立基线
ℹ️ 首次运行，建立基线
ℹ️ 首次运行，建立基线
ℹ️ 首次运行，建立基线
ℹ️ 首次运行，建立基线
ℹ️ 首次运行，建立基线
ℹ️ 首次运行，建立基线
ℹ️ 首次运行，建立基线
ℹ️ 首次运行，建立基线
ℹ️ 首次运行，建立基线
ℹ️ 首次运行，建立基线
ℹ️ 首次运行，建立基线
ℹ️ 首次运行，建立基线
ℹ️ 首次运行，建立基线
ℹ️ 首次运行，建立基线
ℹ️ 首次运行，建立基线
ℹ️ 首次运行，建立基线
ℹ️ 首次运行，建立基线
ℹ️ 首次运行，建立基线
ℹ️ 首次运行，建立基线
ℹ️ 首次运行，建立基线
ℹ️ 首次运行，建立基线
ℹ️ 首次运行，建立基线
ℹ️ 首次运行，建立基线
ℹ️ 首次运行，建立基线
ℹ️ 首次运行，建立基线
ℹ️ 首次运行，建立基线
ℹ️ 首次运行，建立基线
ℹ️ 首次运行，建立基线
ℹ️ 首次运行，建立基线
ℹ️ 首次运行，建立基线
ℹ️ 首次运行，建立基线
ℹ️ 首次运行，建立基线
ℹ️ 首次运行，建立基线
ℹ️ 首次运行，建立基线
ℹ️ 首次运行，建立基线
ℹ️ 首次运行，建立基线
ℹ️ 首次运行，建立基线
ℹ️ 首次运行，建立基线
ℹ️ 首次运行，建立基线
ℹ️ 首次运行，建立基线
ℹ️ 首次运行，建立基线
ℹ️ 首次运行，建立基线
ℹ️ 首次运行，建立基线
ℹ️ 首次运行，建立基线
ℹ️ 首次运行，建立基线
ℹ️ 首次运行，建立基线
ℹ️ 首次运行，建立基线
ℹ️ 首次运行，建立基线
ℹ️ 首次运行，建立基线
ℹ️ 首次运行，建立基线
ℹ️ 首次运行，建立基线
ℹ️ 首次运行，建立基线
ℹ️ 首次运行，建立基线
ℹ️ 首次运行，建立基线
ℹ️ 首次运行，建立基线
ℹ️ 首次运行，建立基线
ℹ️ 首次运行，建立基线
ℹ️ 首次运行，建立基线
ℹ️ 首次运行，建立基线
ℹ️ 首次运行，建立基线
ℹ️ 首次运行，建立基线
ℹ️ 首次运行，建立基线
ℹ️ 首次运行，建立基线
ℹ️ 首次运行，建立基线
ℹ️ 首次运行，建立基线
ℹ️ 首次运行，建立基线
ℹ️ 首次运行，建立基线
ℹ️ 首次运行，建立基线
ℹ️ 首次运行，建立基线
ℹ️ 首次运行，建立基线
ℹ️ 首次运行，建立基线
ℹ️ 首次运行，建立基线
ℹ️ 首次运行，建立基线
ℹ️ 首次运行，建立基线
ℹ️ 首次运行，建立基线
ℹ️ 首次运行，建立基线
ℹ️ 首次运行，建立基线
ℹ️ 首次运行，建立基线
ℹ️ 首次运行，建立基线
ℹ️ 首次运行，建立基线
ℹ️ 首次运行，建立基线
ℹ️ 首次运行，建立基线
ℹ️ 首次运行，建立基线
ℹ️ 首次运行，建立基线
ℹ️ 首次运行，建立基线
ℹ️ 首次运行，建立基线
ℹ️ 首次运行，建立基线
ℹ️ 首次运行，建立基线
ℹ️ 首次运行，建立基线
ℹ️ 首次运行，建立基线
ℹ️ 首次运行，建立基线
ℹ️ 首次运行，建立基线
ℹ️ 首次运行，建立基线
ℹ️ 首次运行，建立基线
ℹ️ 首次运行，建立基线
ℹ️ 首次运行，建立基线
ℹ️ 首次运行，建立基线
ℹ️ 首次运行，建立基线
ℹ️ 首次运行，建立基线
ℹ️ 首次运行，建立基线
ℹ️ 首次运行，建立基线
ℹ️ 首次运行，建立基线
ℹ️ 首次运行，建立基线
ℹ️ 首次运行，建立基线
ℹ️ 首次运行，建立基线
ℹ️ 首次运行，建立基线
ℹ️ 首次运行，建立基线
ℹ️ 首次运行，建立基线
ℹ️ 首次运行，建立基线
ℹ️ 首次运行，建立基线
ℹ️ 首次运行，建立基线
ℹ️ 首次运行，建立基线
ℹ️ 首次运行，建立基线
ℹ️ 首次运行，建立基线
ℹ️ 首次运行，建立基线
ℹ️ 首次运行，建立基线
ℹ️ 首次运行，建立基线
ℹ️ 首次运行，建立基线
ℹ️ 首次运行，建立基线
ℹ️ 首次运行，建立基线
ℹ️ 首次运行，建立基线
ℹ️ 首次运行，建立基线
✅ 正常: 速率 2855 tokens/分钟
ℹ️ 首次运行，建立基线
🚨 CRITICAL: 速率 40284 tokens/分钟 (正常最大 5000)
✅ 正常: 速率 7274 tokens/分钟
✅ 正常: 速率 5228 tokens/分钟
✅ 正常: 速率 2103 tokens/分钟
✅ 正常: 速率 487 tokens/分钟
✅ 正常: 速率 2345 tokens/分钟
⚠️ WARNING: 速率 13552 tokens/分钟 (正常最大 5000)
✅ 正常: 速率 5405 tokens/分钟
🚨 CRITICAL: 速率 36654 tokens/分钟 (正常最大 5000)
🚨 CRITICAL: 速率 81606 tokens/分钟 (正常最大 5000)
🚨 CRITICAL: 速率 63848 tokens/分钟 (正常最大 5000)
✅ 正常: 速率 188 tokens/分钟
ℹ️ 首次运行，建立基线
✅ 正常: 速率 839 tokens/分钟
✅ 正常: 速率 2221 tokens/分钟
✅ 正常: 速率 332 tokens/分钟
ℹ️ 首次运行，建立基线
ℹ️ 首次运行，建立基线
ℹ️ 首次运行，建立基线
⚠️ WARNING: 速率 11650 tokens/分钟 (正常最大 5000)
✅ 正常: 速率 759 tokens/分钟
ℹ️ 首次运行，建立基线
ℹ️ 首次运行，建立基线
✅ 正常: 速率 9739 tokens/分钟
✅ 正常: 速率 2815 tokens/分钟
✅ 正常: 速率 3105 tokens/分钟
✅ 正常: 速率 1835 tokens/分钟
ℹ️ 首次运行，建立基线
✅ 正常: 速率 162 tokens/分钟
✅ 正常: 速率 623 tokens/分钟
✅ 正常: 速率 1064 tokens/分钟
✅ 正常: 速率 2222 tokens/分钟
✅ 正常: 速率 818 tokens/分钟
ℹ️ 首次运行，建立基线
ℹ️ 首次运行，建立基线
✅ 正常: 速率 2592 tokens/分钟
✅ 正常: 速率 1378 tokens/分钟
✅ 正常: 速率 963 tokens/分钟
✅ 正常: 速率 2202 tokens/分钟
ℹ️ 首次运行，建立基线
ℹ️ 首次运行，建立基线
ℹ️ 首次运行，建立基线
✅ 正常: 速率 607 tokens/分钟
✅ 正常: 速率 1060 tokens/分钟
✅ 正常: 速率 894 tokens/分钟
✅ 正常: 速率 3769 tokens/分钟
✅ 正常: 速率 2699 tokens/分钟
✅ 正常: 速率 161 tokens/分钟
ℹ️ 首次运行，建立基线
ℹ️ 首次运行，建立基线
ℹ️ 首次运行，建立基线
ℹ️ 首次运行，建立基线
ℹ️ 首次运行，建立基线
ℹ️ 首次运行，建立基线
✅ 正常: 速率 1385 tokens/分钟
ℹ️ 首次运行，建立基线
✅ 正常: 速率 4242 tokens/分钟
✅ 正常: 速率 4169 tokens/分钟
✅ 正常: 速率 4846 tokens/分钟
✅ 正常: 速率 4194 tokens/分钟
✅ 正常: 速率 2444 tokens/分钟
✅ 正常: 速率 7391 tokens/分钟
✅ 正常: 速率 1112 tokens/分钟
✅ 正常: 速率 1999 tokens/分钟
✅ 正常: 速率 7896 tokens/分钟
✅ 正常: 速率 2859 tokens/分钟
✅ 正常: 速率 1447 tokens/分钟
✅ 正常: 速率 285 tokens/分钟
✅ 正常: 速率 4203 tokens/分钟
✅ 正常: 速率 3102 tokens/分钟
✅ 正常: 速率 1741 tokens/分钟
🚨 CRITICAL: 速率 25687 tokens/分钟 (正常最大 5000)
✅ 正常: 速率 2807 tokens/分钟
✅ 正常: 速率 5318 tokens/分钟
🚨 CRITICAL: 速率 66479 tokens/分钟 (正常最大 5000)
✅ 正常: 速率 3875 tokens/分钟
✅ 正常: 速率 2151 tokens/分钟
✅ 正常: 速率 1801 tokens/分钟
✅ 正常: 速率 2176 tokens/分钟
✅ 正常: 速率 1008 tokens/分钟
✅ 正常: 速率 1447 tokens/分钟
ℹ️ 首次运行，建立基线
✅ 正常: 速率 2268 tokens/分钟
✅ 正常: 速率 2738 tokens/分钟
✅ 正常: 速率 1005 tokens/分钟
ℹ️ 首次运行，建立基线
ℹ️ 首次运行，建立基线
ℹ️ 首次运行，建立基线
ℹ️ 首次运行，建立基线
ℹ️ 首次运行，建立基线
✅ 正常: 速率 2009 tokens/分钟
✅ 正常: 速率 4532 tokens/分钟
✅ 正常: 速率 4868 tokens/分钟
✅ 正常: 速率 3411 tokens/分钟
✅ 正常: 速率 566 tokens/分钟
✅ 正常: 速率 3426 tokens/分钟
✅ 正常: 速率 1712 tokens/分钟
ℹ️ 首次运行，建立基线
ℹ️ 首次运行，建立基线
ℹ️ 首次运行，建立基线
ℹ️ 首次运行，建立基线
ℹ️ 首次运行，建立基线
ℹ️ 首次运行，建立基线
ℹ️ 首次运行，建立基线
🚨 CRITICAL: 速率 92739 tokens/分钟 (正常最大 5000)
ℹ️ 首次运行，建立基线
ℹ️ 首次运行，建立基线
ℹ️ 首次运行，建立基线
ℹ️ 首次运行，建立基线
ℹ️ 首次运行，建立基线
ℹ️ 首次运行，建立基线
ℹ️ 首次运行，建立基线
ℹ️ 首次运行，建立基线
ℹ️ 首次运行，建立基线
ℹ️ 首次运行，建立基线
ℹ️ 首次运行，建立基线
ℹ️ 首次运行，建立基线
ℹ️ 首次运行，建立基线
ℹ️ 首次运行，建立基线
ℹ️ 首次运行，建立基线
ℹ️ 首次运行，建立基线
✅ 正常: 速率 634 tokens/分钟
✅ 正常: 速率 5063 tokens/分钟
✅ 正常: 速率 2821 tokens/分钟
ℹ️ 首次运行，建立基线
ℹ️ 首次运行，建立基线
✅ 正常: 速率 165 tokens/分钟
✅ 正常: 速率 2089 tokens/分钟
ℹ️ 首次运行，建立基线
ℹ️ 首次运行，建立基线
ℹ️ 首次运行，建立基线
ℹ️ 首次运行，建立基线
✅ 正常: 速率 137 tokens/分钟
✅ 正常: 速率 1891 tokens/分钟
✅ 正常: 速率 3334 tokens/分钟
✅ 正常: 速率 1547 tokens/分钟
⚠️ WARNING: 速率 14992 tokens/分钟 (正常最大 5000)
✅ 正常: 速率 9185 tokens/分钟
✅ 正常: 速率 398 tokens/分钟
⚠️ WARNING: 速率 24353 tokens/分钟 (正常最大 5000)
ℹ️ 首次运行，建立基线
✅ 正常: 速率 1385 tokens/分钟
✅ 正常: 速率 145 tokens/分钟
⚠️ WARNING: 速率 17290 tokens/分钟 (正常最大 5000)
✅ 正常: 速率 1061 tokens/分钟
✅ 正常: 速率 5099 tokens/分钟
✅ 正常: 速率 2635 tokens/分钟
✅ 正常: 速率 873 tokens/分钟
ℹ️ 首次运行，建立基线
⚠️ WARNING: 速率 20425 tokens/分钟 (正常最大 5000)
⚠️ WARNING: 速率 20456 tokens/分钟 (正常最大 5000)
✅ 正常: 速率 6223 tokens/分钟
✅ 正常: 速率 3480 tokens/分钟
✅ 正常: 速率 3691 tokens/分钟
✅ 正常: 速率 1114 tokens/分钟
🚨 CRITICAL: 速率 45938 tokens/分钟 (正常最大 5000)
✅ 正常: 速率 6383 tokens/分钟
✅ 正常: 速率 2766 tokens/分钟
✅ 正常: 速率 504 tokens/分钟
ℹ️ 首次运行，建立基线
✅ 正常: 速率 1535 tokens/分钟
✅ 正常: 速率 3217 tokens/分钟
✅ 正常: 速率 3988 tokens/分钟
✅ 正常: 速率 1268 tokens/分钟
✅ 正常: 速率 4449 tokens/分钟
✅ 正常: 速率 2754 tokens/分钟
✅ 正常: 速率 1345 tokens/分钟
✅ 正常: 速率 8052 tokens/分钟
✅ 正常: 速率 1330 tokens/分钟
✅ 正常: 速率 3482 tokens/分钟
✅ 正常: 速率 857 tokens/分钟
ℹ️ 首次运行，建立基线
ℹ️ 首次运行，建立基线
ℹ️ 首次运行，建立基线
ℹ️ 首次运行，建立基线
ℹ️ 首次运行，建立基线
ℹ️ 首次运行，建立基线
✅ 正常: 速率 783 tokens/分钟
✅ 正常: 速率 3570 tokens/分钟
✅ 正常: 速率 682 tokens/分钟
✅ 正常: 速率 1330 tokens/分钟
✅ 正常: 速率 1898 tokens/分钟
✅ 正常: 速率 1766 tokens/分钟
✅ 正常: 速率 4777 tokens/分钟
🚨 CRITICAL: 速率 42139 tokens/分钟 (正常最大 5000)
✅ 正常: 速率 873 tokens/分钟
✅ 正常: 速率 2669 tokens/分钟
✅ 正常: 速率 7012 tokens/分钟
✅ 正常: 速率 1149 tokens/分钟
ℹ️ 首次运行，建立基线
ℹ️ 首次运行，建立基线
ℹ️ 首次运行，建立基线
ℹ️ 首次运行，建立基线
ℹ️ 首次运行，建立基线
ℹ️ 首次运行，建立基线
ℹ️ 首次运行，建立基线
ℹ️ 首次运行，建立基线
ℹ️ 首次运行，建立基线
ℹ️ 首次运行，建立基线
ℹ️ 首次运行，建立基线
ℹ️ 首次运行，建立基线
ℹ️ 首次运行，建立基线
ℹ️ 首次运行，建立基线
ℹ️ 首次运行，建立基线
ℹ️ 首次运行，建立基线
ℹ️ 首次运行，建立基线
ℹ️ 首次运行，建立基线
ℹ️ 首次运行，建立基线
ℹ️ 首次运行，建立基线
ℹ️ 首次运行，建立基线
ℹ️ 首次运行，建立基线
ℹ️ 首次运行，建立基线
ℹ️ 首次运行，建立基线
✅ 正常: 速率 1370 tokens/分钟
✅ 正常: 速率 6544 tokens/分钟
✅ 正常: 速率 186 tokens/分钟
ℹ️ 首次运行，建立基线
ℹ️ 首次运行，建立基线
ℹ️ 首次运行，建立基线
ℹ️ 首次运行，建立基线
ℹ️ 首次运行，建立基线
ℹ️ 首次运行，建立基线
ℹ️ 首次运行，建立基线
ℹ️ 首次运行，建立基线
ℹ️ 首次运行，建立基线
ℹ️ 首次运行，建立基线
ℹ️ 首次运行，建立基线
ℹ️ 首次运行，建立基线
ℹ️ 首次运行，建立基线
ℹ️ 首次运行，建立基线
ℹ️ 首次运行，建立基线
ℹ️ 首次运行，建立基线
ℹ️ 首次运行，建立基线
ℹ️ 首次运行，建立基线
ℹ️ 首次运行，建立基线
ℹ️ 首次运行，建立基线
ℹ️ 首次运行，建立基线
ℹ️ 首次运行，建立基线
ℹ️ 首次运行，建立基线
ℹ️ 首次运行，建立基线
ℹ️ 首次运行，建立基线
ℹ️ 首次运行，建立基线
ℹ️ 首次运行，建立基线
ℹ️ 首次运行，建立基线
✅ 正常: 速率 776 tokens/分钟
✅ 正常: 速率 1721 tokens/分钟
ℹ️ 首次运行，建立基线
ℹ️ 首次运行，建立基线
ℹ️ 首次运行，建立基线
ℹ️ 首次运行，建立基线
ℹ️ 首次运行，建立基线
ℹ️ 首次运行，建立基线
ℹ️ 首次运行，建立基线
ℹ️ 首次运行，建立基线
ℹ️ 首次运行，建立基线
ℹ️ 首次运行，建立基线
ℹ️ 首次运行，建立基线
ℹ️ 首次运行，建立基线
ℹ️ 首次运行，建立基线
ℹ️ 首次运行，建立基线
ℹ️ 首次运行，建立基线
ℹ️ 首次运行，建立基线
ℹ️ 首次运行，建立基线
✅ 正常: 速率 1053 tokens/分钟
ℹ️ 首次运行，建立基线
ℹ️ 首次运行，建立基线
ℹ️ 首次运行，建立基线
ℹ️ 首次运行，建立基线
ℹ️ 首次运行，建立基线
ℹ️ 首次运行，建立基线
ℹ️ 首次运行，建立基线
ℹ️ 首次运行，建立基线
ℹ️ 首次运行，建立基线
ℹ️ 首次运行，建立基线
ℹ️ 首次运行，建立基线
ℹ️ 首次运行，建立基线
ℹ️ 首次运行，建立基线
ℹ️ 首次运行，建立基线
ℹ️ 首次运行，建立基线
ℹ️ 首次运行，建立基线
ℹ️ 首次运行，建立基线
ℹ️ 首次运行，建立基线
ℹ️ 首次运行，建立基线
ℹ️ 首次运行，建立基线
ℹ️ 首次运行，建立基线
ℹ️ 首次运行，建立基线
ℹ️ 首次运行，建立基线
ℹ️ 首次运行，建立基线
ℹ️ 首次运行，建立基线
ℹ️ 首次运行，建立基线
ℹ️ 首次运行，建立基线
ℹ️ 首次运行，建立基线
ℹ️ 首次运行，建立基线
✅ 正常: 速率 1564 tokens/分钟
ℹ️ 首次运行，建立基线
ℹ️ 首次运行，建立基线
ℹ️ 首次运行，建立基线
ℹ️ 首次运行，建立基线
ℹ️ 首次运行，建立基线
ℹ️ 首次运行，建立基线
ℹ️ 首次运行，建立基线
ℹ️ 首次运行，建立基线
ℹ️ 首次运行，建立基线
ℹ️ 首次运行，建立基线
ℹ️ 首次运行，建立基线
ℹ️ 首次运行，建立基线
ℹ️ 首次运行，建立基线
ℹ️ 首次运行，建立基线
ℹ️ 首次运行，建立基线
ℹ️ 首次运行，建立基线
ℹ️ 首次运行，建立基线
ℹ️ 首次运行，建立基线
ℹ️ 首次运行，建立基线
ℹ️ 首次运行，建立基线
ℹ️ 首次运行，建立基线
ℹ️ 首次运行，建立基线
ℹ️ 首次运行，建立基线
ℹ️ 首次运行，建立基线
ℹ️ 首次运行，建立基线
ℹ️ 首次运行，建立基线
ℹ️ 首次运行，建立基线
ℹ️ 首次运行，建立基线
ℹ️ 首次运行，建立基线
✅ 正常: 速率 1434 tokens/分钟
ℹ️ 首次运行，建立基线
ℹ️ 首次运行，建立基线
ℹ️ 首次运行，建立基线
ℹ️ 首次运行，建立基线
ℹ️ 首次运行，建立基线
ℹ️ 首次运行，建立基线
ℹ️ 首次运行，建立基线
ℹ️ 首次运行，建立基线
ℹ️ 首次运行，建立基线
ℹ️ 首次运行，建立基线
ℹ️ 首次运行，建立基线
ℹ️ 首次运行，建立基线
ℹ️ 首次运行，建立基线
ℹ️ 首次运行，建立基线
ℹ️ 首次运行，建立基线
ℹ️ 首次运行，建立基线
ℹ️ 首次运行，建立基线
ℹ️ 首次运行，建立基线
ℹ️ 首次运行，建立基线
ℹ️ 首次运行，建立基线
ℹ️ 首次运行，建立基线
ℹ️ 首次运行，建立基线
ℹ️ 首次运行，建立基线
ℹ️ 首次运行，建立基线
ℹ️ 首次运行，建立基线
ℹ️ 首次运行，建立基线
ℹ️ 首次运行，建立基线
ℹ️ 首次运行，建立基线
ℹ️ 首次运行，建立基线
✅ 正常: 速率 1236 tokens/分钟
ℹ️ 首次运行，建立基线
ℹ️ 首次运行，建立基线
ℹ️ 首次运行，建立基线
ℹ️ 首次运行，建立基线
ℹ️ 首次运行，建立基线
ℹ️ 首次运行，建立基线
ℹ️ 首次运行，建立基线
ℹ️ 首次运行，建立基线
ℹ️ 首次运行，建立基线
ℹ️ 首次运行，建立基线
ℹ️ 首次运行，建立基线
ℹ️ 首次运行，建立基线
ℹ️ 首次运行，建立基线
ℹ️ 首次运行，建立基线
ℹ️ 首次运行，建立基线
ℹ️ 首次运行，建立基线
ℹ️ 首次运行，建立基线
ℹ️ 首次运行，建立基线
ℹ️ 首次运行，建立基线
ℹ️ 首次运行，建立基线
ℹ️ 首次运行，建立基线
ℹ️ 首次运行，建立基线
ℹ️ 首次运行，建立基线
ℹ️ 首次运行，建立基线
ℹ️ 首次运行，建立基线
ℹ️ 首次运行，建立基线
ℹ️ 首次运行，建立基线
ℹ️ 首次运行，建立基线
ℹ️ 首次运行，建立基线
✅ 正常: 速率 1178 tokens/分钟
ℹ️ 首次运行，建立基线
ℹ️ 首次运行，建立基线
ℹ️ 首次运行，建立基线
ℹ️ 首次运行，建立基线
ℹ️ 首次运行，建立基线
ℹ️ 首次运行，建立基线
ℹ️ 首次运行，建立基线
ℹ️ 首次运行，建立基线
ℹ️ 首次运行，建立基线
ℹ️ 首次运行，建立基线
ℹ️ 首次运行，建立基线
ℹ️ 首次运行，建立基线
ℹ️ 首次运行，建立基线
ℹ️ 首次运行，建立基线
ℹ️ 首次运行，建立基线
ℹ️ 首次运行，建立基线
ℹ️ 首次运行，建立基线
ℹ️ 首次运行，建立基线
ℹ️ 首次运行，建立基线
ℹ️ 首次运行，建立基线
ℹ️ 首次运行，建立基线
ℹ️ 首次运行，建立基线
ℹ️ 首次运行，建立基线
ℹ️ 首次运行，建立基线
ℹ️ 首次运行，建立基线
ℹ️ 首次运行，建立基线
ℹ️ 首次运行，建立基线
ℹ️ 首次运行，建立基线
ℹ️ 首次运行，建立基线
✅ 正常: 速率 1267 tokens/分钟
✅ 正常: 速率 411 tokens/分钟
ℹ️ 首次运行，建立基线
ℹ️ 首次运行，建立基线
ℹ️ 首次运行，建立基线
ℹ️ 首次运行，建立基线
ℹ️ 首次运行，建立基线
ℹ️ 首次运行，建立基线
ℹ️ 首次运行，建立基线
ℹ️ 首次运行，建立基线
ℹ️ 首次运行，建立基线
ℹ️ 首次运行，建立基线
ℹ️ 首次运行，建立基线
ℹ️ 首次运行，建立基线
ℹ️ 首次运行，建立基线
ℹ️ 首次运行，建立基线
ℹ️ 首次运行，建立基线
ℹ️ 首次运行，建立基线
ℹ️ 首次运行，建立基线
ℹ️ 首次运行，建立基线
ℹ️ 首次运行，建立基线
ℹ️ 首次运行，建立基线
ℹ️ 首次运行，建立基线
ℹ️ 首次运行，建立基线
ℹ️ 首次运行，建立基线
ℹ️ 首次运行，建立基线
ℹ️ 首次运行，建立基线
ℹ️ 首次运行，建立基线
ℹ️ 首次运行，建立基线
ℹ️ 首次运行，建立基线
✅ 正常: 速率 1467 tokens/分钟
✅ 正常: 速率 124 tokens/分钟
ℹ️ 首次运行，建立基线
ℹ️ 首次运行，建立基线
✅ 正常: 速率 169 tokens/分钟
✅ 正常: 速率 1267 tokens/分钟
ℹ️ 首次运行，建立基线
ℹ️ 首次运行，建立基线
ℹ️ 首次运行，建立基线
ℹ️ 首次运行，建立基线
ℹ️ 首次运行，建立基线
ℹ️ 首次运行，建立基线
ℹ️ 首次运行，建立基线
ℹ️ 首次运行，建立基线
ℹ️ 首次运行，建立基线
ℹ️ 首次运行，建立基线
ℹ️ 首次运行，建立基线
ℹ️ 首次运行，建立基线
ℹ️ 首次运行，建立基线
ℹ️ 首次运行，建立基线
ℹ️ 首次运行，建立基线
ℹ️ 首次运行，建立基线
ℹ️ 首次运行，建立基线
ℹ️ 首次运行，建立基线
ℹ️ 首次运行，建立基线
ℹ️ 首次运行，建立基线
ℹ️ 首次运行，建立基线
ℹ️ 首次运行，建立基线
ℹ️ 首次运行，建立基线
ℹ️ 首次运行，建立基线
✅ 正常: 速率 1872 tokens/分钟
✅ 正常: 速率 651 tokens/分钟
ℹ️ 首次运行，建立基线
ℹ️ 首次运行，建立基线
ℹ️ 首次运行，建立基线
ℹ️ 首次运行，建立基线
ℹ️ 首次运行，建立基线
ℹ️ 首次运行，建立基线
ℹ️ 首次运行，建立基线
ℹ️ 首次运行，建立基线
ℹ️ 首次运行，建立基线
ℹ️ 首次运行，建立基线
ℹ️ 首次运行，建立基线
ℹ️ 首次运行，建立基线
ℹ️ 首次运行，建立基线
ℹ️ 首次运行，建立基线
ℹ️ 首次运行，建立基线
ℹ️ 首次运行，建立基线
ℹ️ 首次运行，建立基线
ℹ️ 首次运行，建立基线
ℹ️ 首次运行，建立基线
ℹ️ 首次运行，建立基线
ℹ️ 首次运行，建立基线
ℹ️ 首次运行，建立基线
ℹ️ 首次运行，建立基线
ℹ️ 首次运行，建立基线
ℹ️ 首次运行，建立基线
ℹ️ 首次运行，建立基线
ℹ️ 首次运行，建立基线
ℹ️ 首次运行，建立基线
✅ 正常: 速率 1340 tokens/分钟
✅ 正常: 速率 124 tokens/分钟
ℹ️ 首次运行，建立基线
ℹ️ 首次运行，建立基线
ℹ️ 首次运行，建立基线
ℹ️ 首次运行，建立基线
ℹ️ 首次运行，建立基线
ℹ️ 首次运行，建立基线
ℹ️ 首次运行，建立基线
ℹ️ 首次运行，建立基线
ℹ️ 首次运行，建立基线
ℹ️ 首次运行，建立基线
ℹ️ 首次运行，建立基线
ℹ️ 首次运行，建立基线
ℹ️ 首次运行，建立基线
ℹ️ 首次运行，建立基线
ℹ️ 首次运行，建立基线
ℹ️ 首次运行，建立基线
ℹ️ 首次运行，建立基线
ℹ️ 首次运行，建立基线
ℹ️ 首次运行，建立基线
ℹ️ 首次运行，建立基线
ℹ️ 首次运行，建立基线
ℹ️ 首次运行，建立基线
ℹ️ 首次运行，建立基线
✅ 正常: 速率 1308 tokens/分钟
✅ 正常: 速率 1777 tokens/分钟
✅ 正常: 速率 801 tokens/分钟
ℹ️ 首次运行，建立基线
✅ 正常: 速率 305 tokens/分钟
✅ 正常: 速率 2793 tokens/分钟
ℹ️ 首次运行，建立基线
ℹ️ 首次运行，建立基线
ℹ️ 首次运行，建立基线
ℹ️ 首次运行，建立基线
ℹ️ 首次运行，建立基线
🚨 CRITICAL: 速率 61930 tokens/分钟 (正常最大 5000)
🚨 CRITICAL: 速率 38517 tokens/分钟 (正常最大 5000)
ℹ️ 首次运行，建立基线
ℹ️ 首次运行，建立基线
ℹ️ 首次运行，建立基线
ℹ️ 首次运行，建立基线
ℹ️ 首次运行，建立基线
ℹ️ 首次运行，建立基线
ℹ️ 首次运行，建立基线
ℹ️ 首次运行，建立基线
ℹ️ 首次运行，建立基线
ℹ️ 首次运行，建立基线
ℹ️ 首次运行，建立基线
ℹ️ 首次运行，建立基线
ℹ️ 首次运行，建立基线
ℹ️ 首次运行，建立基线
ℹ️ 首次运行，建立基线
ℹ️ 首次运行，建立基线
ℹ️ 首次运行，建立基线
ℹ️ 首次运行，建立基线
ℹ️ 首次运行，建立基线
ℹ️ 首次运行，建立基线
ℹ️ 首次运行，建立基线
ℹ️ 首次运行，建立基线
✅ 正常: 速率 1702 tokens/分钟
ℹ️ 首次运行，建立基线
ℹ️ 首次运行，建立基线
ℹ️ 首次运行，建立基线
ℹ️ 首次运行，建立基线
ℹ️ 首次运行，建立基线
ℹ️ 首次运行，建立基线
ℹ️ 首次运行，建立基线
ℹ️ 首次运行，建立基线
ℹ️ 首次运行，建立基线
ℹ️ 首次运行，建立基线
ℹ️ 首次运行，建立基线
✅ 正常: 速率 137 tokens/分钟
✅ 正常: 速率 607 tokens/分钟
✅ 正常: 速率 2363 tokens/分钟
ℹ️ 首次运行，建立基线
✅ 正常: 速率 478 tokens/分钟
✅ 正常: 速率 934 tokens/分钟
✅ 正常: 速率 3472 tokens/分钟
✅ 正常: 速率 6211 tokens/分钟
✅ 正常: 速率 125 tokens/分钟
✅ 正常: 速率 477 tokens/分钟
✅ 正常: 速率 496 tokens/分钟
ℹ️ 首次运行，建立基线
ℹ️ 首次运行，建立基线
ℹ️ 首次运行，建立基线
⚠️ WARNING: 速率 17347 tokens/分钟 (正常最大 5000)
ℹ️ 首次运行，建立基线
✅ 正常: 速率 4529 tokens/分钟
⚠️ WARNING: 速率 14721 tokens/分钟 (正常最大 5000)
⚠️ WARNING: 速率 15151 tokens/分钟 (正常最大 5000)
⚠️ WARNING: 速率 14587 tokens/分钟 (正常最大 5000)
ℹ️ 首次运行，建立基线
✅ 正常: 速率 6828 tokens/分钟
✅ 正常: 速率 1978 tokens/分钟
✅ 正常: 速率 630 tokens/分钟
⚠️ WARNING: 速率 14804 tokens/分钟 (正常最大 5000)
✅ 正常: 速率 2007 tokens/分钟
✅ 正常: 速率 4554 tokens/分钟
✅ 正常: 速率 2656 tokens/分钟
✅ 正常: 速率 2751 tokens/分钟
🚨 CRITICAL: 速率 33740 tokens/分钟 (正常最大 5000)
ℹ️ 首次运行，建立基线
⚠️ WARNING: 速率 15523 tokens/分钟 (正常最大 5000)
✅ 正常: 速率 3023 tokens/分钟
✅ 正常: 速率 4054 tokens/分钟
✅ 正常: 速率 586 tokens/分钟
ℹ️ 首次运行，建立基线
ℹ️ 首次运行，建立基线
ℹ️ 首次运行，建立基线
✅ 正常: 速率 132 tokens/分钟
ℹ️ 首次运行，建立基线
✅ 正常: 速率 7933 tokens/分钟
✅ 正常: 速率 8328 tokens/分钟
✅ 正常: 速率 1710 tokens/分钟
✅ 正常: 速率 2073 tokens/分钟
✅ 正常: 速率 5032 tokens/分钟
✅ 正常: 速率 5563 tokens/分钟
✅ 正常: 速率 1420 tokens/分钟
✅ 正常: 速率 1916 tokens/分钟
✅ 正常: 速率 4812 tokens/分钟
✅ 正常: 速率 1003 tokens/分钟
✅ 正常: 速率 4563 tokens/分钟
ℹ️ 首次运行，建立基线
ℹ️ 首次运行，建立基线
✅ 正常: 速率 1948 tokens/分钟
✅ 正常: 速率 2908 tokens/分钟
✅ 正常: 速率 633 tokens/分钟
✅ 正常: 速率 2870 tokens/分钟
⚠️ WARNING: 速率 21274 tokens/分钟 (正常最大 5000)
✅ 正常: 速率 3267 tokens/分钟
✅ 正常: 速率 9824 tokens/分钟
✅ 正常: 速率 6403 tokens/分钟
🚨 CRITICAL: 速率 71111 tokens/分钟 (正常最大 5000)
✅ 正常: 速率 1387 tokens/分钟
✅ 正常: 速率 9654 tokens/分钟
✅ 正常: 速率 1746 tokens/分钟
✅ 正常: 速率 6180 tokens/分钟
ℹ️ 首次运行，建立基线
✅ 正常: 速率 4668 tokens/分钟
✅ 正常: 速率 387 tokens/分钟
✅ 正常: 速率 7016 tokens/分钟
✅ 正常: 速率 1054 tokens/分钟
🚨 CRITICAL: 速率 29619 tokens/分钟 (正常最大 5000)
🚨 CRITICAL: 速率 79165 tokens/分钟 (正常最大 5000)
✅ 正常: 速率 6919 tokens/分钟
⚠️ WARNING: 速率 11435 tokens/分钟 (正常最大 5000)
🚨 CRITICAL: 速率 27496 tokens/分钟 (正常最大 5000)
✅ 正常: 速率 505 tokens/分钟
✅ 正常: 速率 1238 tokens/分钟
✅ 正常: 速率 1638 tokens/分钟
✅ 正常: 速率 146 tokens/分钟
✅ 正常: 速率 1643 tokens/分钟
✅ 正常: 速率 2516 tokens/分钟
✅ 正常: 速率 4344 tokens/分钟
✅ 正常: 速率 2633 tokens/分钟
✅ 正常: 速率 147 tokens/分钟
✅ 正常: 速率 4422 tokens/分钟
✅ 正常: 速率 3652 tokens/分钟
✅ 正常: 速率 1183 tokens/分钟
✅ 正常: 速率 6140 tokens/分钟
✅ 正常: 速率 2932 tokens/分钟
✅ 正常: 速率 388 tokens/分钟
✅ 正常: 速率 7264 tokens/分钟
✅ 正常: 速率 703 tokens/分钟
✅ 正常: 速率 5236 tokens/分钟
✅ 正常: 速率 3251 tokens/分钟
✅ 正常: 速率 2318 tokens/分钟
✅ 正常: 速率 994 tokens/分钟
✅ 正常: 速率 1139 tokens/分钟
✅ 正常: 速率 2031 tokens/分钟
✅ 正常: 速率 658 tokens/分钟
ℹ️ 首次运行，建立基线
ℹ️ 首次运行，建立基线
✅ 正常: 速率 2686 tokens/分钟
✅ 正常: 速率 2748 tokens/分钟
ℹ️ 首次运行，建立基线
ℹ️ 首次运行，建立基线
ℹ️ 首次运行，建立基线
ℹ️ 首次运行，建立基线
ℹ️ 首次运行，建立基线
✅ 正常: 速率 432 tokens/分钟
✅ 正常: 速率 955 tokens/分钟
✅ 正常: 速率 2452 tokens/分钟
✅ 正常: 速率 610 tokens/分钟
🚨 CRITICAL: 速率 29560 tokens/分钟 (正常最大 5000)
✅ 正常: 速率 4888 tokens/分钟
⚠️ WARNING: 速率 10613 tokens/分钟 (正常最大 5000)
✅ 正常: 速率 3396 tokens/分钟
✅ 正常: 速率 3799 tokens/分钟
ℹ️ 首次运行，建立基线
ℹ️ 首次运行，建立基线
✅ 正常: 速率 155 tokens/分钟
✅ 正常: 速率 3385 tokens/分钟
✅ 正常: 速率 2231 tokens/分钟
✅ 正常: 速率 967 tokens/分钟
✅ 正常: 速率 3636 tokens/分钟
⚠️ WARNING: 速率 10986 tokens/分钟 (正常最大 5000)
✅ 正常: 速率 4463 tokens/分钟
✅ 正常: 速率 6728 tokens/分钟
✅ 正常: 速率 2410 tokens/分钟
✅ 正常: 速率 776 tokens/分钟
✅ 正常: 速率 1634 tokens/分钟
🚨 CRITICAL: 速率 65729 tokens/分钟 (正常最大 5000)
✅ 正常: 速率 4249 tokens/分钟
✅ 正常: 速率 2273 tokens/分钟
✅ 正常: 速率 896 tokens/分钟
✅ 正常: 速率 1590 tokens/分钟
✅ 正常: 速率 1575 tokens/分钟
✅ 正常: 速率 1477 tokens/分钟
✅ 正常: 速率 1240 tokens/分钟
✅ 正常: 速率 2346 tokens/分钟
✅ 正常: 速率 446 tokens/分钟
✅ 正常: 速率 1217 tokens/分钟
ℹ️ 首次运行，建立基线
ℹ️ 首次运行，建立基线
ℹ️ 首次运行，建立基线
✅ 正常: 速率 1519 tokens/分钟
✅ 正常: 速率 900 tokens/分钟
ℹ️ 首次运行，建立基线
ℹ️ 首次运行，建立基线
ℹ️ 首次运行，建立基线
ℹ️ 首次运行，建立基线
✅ 正常: 速率 666 tokens/分钟
ℹ️ 首次运行，建立基线
✅ 正常: 速率 2382 tokens/分钟
✅ 正常: 速率 1310 tokens/分钟
✅ 正常: 速率 2101 tokens/分钟
✅ 正常: 速率 3945 tokens/分钟
✅ 正常: 速率 5522 tokens/分钟
✅ 正常: 速率 1922 tokens/分钟
✅ 正常: 速率 9486 tokens/分钟
✅ 正常: 速率 3751 tokens/分钟
🚨 CRITICAL: 速率 49788 tokens/分钟 (正常最大 5000)
🚨 CRITICAL: 速率 48027 tokens/分钟 (正常最大 5000)
🚨 CRITICAL: 速率 96366 tokens/分钟 (正常最大 5000)
🚨 CRITICAL: 速率 74140 tokens/分钟 (正常最大 5000)
🚨 CRITICAL: 速率 101298 tokens/分钟 (正常最大 5000)
✅ 正常: 速率 3739 tokens/分钟
🚨 CRITICAL: 速率 267944 tokens/分钟 (正常最大 5000)
🚨 CRITICAL: 速率 108655 tokens/分钟 (正常最大 5000)
✅ 正常: 速率 1120 tokens/分钟
✅ 正常: 速率 1247 tokens/分钟
✅ 正常: 速率 2945 tokens/分钟
✅ 正常: 速率 6021 tokens/分钟
✅ 正常: 速率 4463 tokens/分钟
✅ 正常: 速率 452 tokens/分钟
✅ 正常: 速率 5836 tokens/分钟
✅ 正常: 速率 8307 tokens/分钟
✅ 正常: 速率 1609 tokens/分钟
✅ 正常: 速率 313 tokens/分钟
⚠️ WARNING: 速率 17326 tokens/分钟 (正常最大 5000)
✅ 正常: 速率 1003 tokens/分钟
✅ 正常: 速率 526 tokens/分钟
✅ 正常: 速率 707 tokens/分钟
✅ 正常: 速率 334 tokens/分钟
🚨 CRITICAL: 速率 25757 tokens/分钟 (正常最大 5000)
✅ 正常: 速率 9293 tokens/分钟
ℹ️ 首次运行，建立基线
ℹ️ 首次运行，建立基线
ℹ️ 首次运行，建立基线
ℹ️ 首次运行，建立基线
ℹ️ 首次运行，建立基线
ℹ️ 首次运行，建立基线
ℹ️ 首次运行，建立基线
ℹ️ 首次运行，建立基线
ℹ️ 首次运行，建立基线
ℹ️ 首次运行，建立基线
ℹ️ 首次运行，建立基线
ℹ️ 首次运行，建立基线
✅ 正常: 速率 1718 tokens/分钟
✅ 正常: 速率 1662 tokens/分钟
✅ 正常: 速率 701 tokens/分钟
ℹ️ 首次运行，建立基线
ℹ️ 首次运行，建立基线
ℹ️ 首次运行，建立基线
ℹ️ 首次运行，建立基线
ℹ️ 首次运行，建立基线
ℹ️ 首次运行，建立基线
ℹ️ 首次运行，建立基线
ℹ️ 首次运行，建立基线
ℹ️ 首次运行，建立基线
ℹ️ 首次运行，建立基线
ℹ️ 首次运行，建立基线
ℹ️ 首次运行，建立基线
ℹ️ 首次运行，建立基线
ℹ️ 首次运行，建立基线
ℹ️ 首次运行，建立基线
ℹ️ 首次运行，建立基线
ℹ️ 首次运行，建立基线
ℹ️ 首次运行，建立基线
ℹ️ 首次运行，建立基线
ℹ️ 首次运行，建立基线
ℹ️ 首次运行，建立基线
ℹ️ 首次运行，建立基线
ℹ️ 首次运行，建立基线
ℹ️ 首次运行，建立基线
ℹ️ 首次运行，建立基线
ℹ️ 首次运行，建立基线
ℹ️ 首次运行，建立基线
✅ 正常: 速率 2017 tokens/分钟
✅ 正常: 速率 172 tokens/分钟
ℹ️ 首次运行，建立基线
ℹ️ 首次运行，建立基线
ℹ️ 首次运行，建立基线
ℹ️ 首次运行，建立基线
ℹ️ 首次运行，建立基线
ℹ️ 首次运行，建立基线
ℹ️ 首次运行，建立基线
ℹ️ 首次运行，建立基线
ℹ️ 首次运行，建立基线
ℹ️ 首次运行，建立基线
ℹ️ 首次运行，建立基线
ℹ️ 首次运行，建立基线
ℹ️ 首次运行，建立基线
🚨 CRITICAL: 速率 1868260 tokens/分钟 (正常最大 5000)
ℹ️ 首次运行，建立基线
ℹ️ 首次运行，建立基线
ℹ️ 首次运行，建立基线
ℹ️ 首次运行，建立基线
ℹ️ 首次运行，建立基线
✅ 正常: 速率 2945 tokens/分钟
✅ 正常: 速率 915 tokens/分钟
ℹ️ 首次运行，建立基线
ℹ️ 首次运行，建立基线
✅ 正常: 速率 3380 tokens/分钟
✅ 正常: 速率 1359 tokens/分钟
🚨 CRITICAL: 速率 83497 tokens/分钟 (正常最大 5000)
✅ 正常: 速率 1587 tokens/分钟
✅ 正常: 速率 1833 tokens/分钟
✅ 正常: 速率 1815 tokens/分钟
✅ 正常: 速率 1124 tokens/分钟
✅ 正常: 速率 1186 tokens/分钟
✅ 正常: 速率 1262 tokens/分钟
✅ 正常: 速率 1190 tokens/分钟
✅ 正常: 速率 786 tokens/分钟
ℹ️ 首次运行，建立基线
ℹ️ 首次运行，建立基线
ℹ️ 首次运行，建立基线
ℹ️ 首次运行，建立基线
ℹ️ 首次运行，建立基线
ℹ️ 首次运行，建立基线
ℹ️ 首次运行，建立基线
ℹ️ 首次运行，建立基线
ℹ️ 首次运行，建立基线
ℹ️ 首次运行，建立基线
ℹ️ 首次运行，建立基线
ℹ️ 首次运行，建立基线
ℹ️ 首次运行，建立基线
ℹ️ 首次运行，建立基线
ℹ️ 首次运行，建立基线
ℹ️ 首次运行，建立基线
ℹ️ 首次运行，建立基线
ℹ️ 首次运行，建立基线
ℹ️ 首次运行，建立基线
ℹ️ 首次运行，建立基线
ℹ️ 首次运行，建立基线
ℹ️ 首次运行，建立基线
ℹ️ 首次运行，建立基线
ℹ️ 首次运行，建立基线
ℹ️ 首次运行，建立基线
ℹ️ 首次运行，建立基线
ℹ️ 首次运行，建立基线
ℹ️ 首次运行，建立基线
ℹ️ 首次运行，建立基线
✅ 正常: 速率 612 tokens/分钟
✅ 正常: 速率 566 tokens/分钟
✅ 正常: 速率 504 tokens/分钟
✅ 正常: 速率 182 tokens/分钟
ℹ️ 首次运行，建立基线
ℹ️ 首次运行，建立基线
ℹ️ 首次运行，建立基线
ℹ️ 首次运行，建立基线
ℹ️ 首次运行，建立基线
ℹ️ 首次运行，建立基线
ℹ️ 首次运行，建立基线
ℹ️ 首次运行，建立基线
ℹ️ 首次运行，建立基线
ℹ️ 首次运行，建立基线
ℹ️ 首次运行，建立基线
ℹ️ 首次运行，建立基线
ℹ️ 首次运行，建立基线
ℹ️ 首次运行，建立基线
ℹ️ 首次运行，建立基线
ℹ️ 首次运行，建立基线
ℹ️ 首次运行，建立基线
ℹ️ 首次运行，建立基线
ℹ️ 首次运行，建立基线
ℹ️ 首次运行，建立基线
ℹ️ 首次运行，建立基线
✅ 正常: 速率 358 tokens/分钟
ℹ️ 首次运行，建立基线
ℹ️ 首次运行，建立基线
ℹ️ 首次运行，建立基线
ℹ️ 首次运行，建立基线
ℹ️ 首次运行，建立基线
ℹ️ 首次运行，建立基线
ℹ️ 首次运行，建立基线
ℹ️ 首次运行，建立基线
ℹ️ 首次运行，建立基线
ℹ️ 首次运行，建立基线
ℹ️ 首次运行，建立基线
ℹ️ 首次运行，建立基线
ℹ️ 首次运行，建立基线
ℹ️ 首次运行，建立基线
ℹ️ 首次运行，建立基线
ℹ️ 首次运行，建立基线
ℹ️ 首次运行，建立基线
ℹ️ 首次运行，建立基线
ℹ️ 首次运行，建立基线
ℹ️ 首次运行，建立基线
ℹ️ 首次运行，建立基线
ℹ️ 首次运行，建立基线
ℹ️ 首次运行，建立基线
ℹ️ 首次运行，建立基线
ℹ️ 首次运行，建立基线
ℹ️ 首次运行，建立基线
ℹ️ 首次运行，建立基线
ℹ️ 首次运行，建立基线
ℹ️ 首次运行，建立基线
✅ 正常: 速率 446 tokens/分钟
ℹ️ 首次运行，建立基线
ℹ️ 首次运行，建立基线
ℹ️ 首次运行，建立基线
ℹ️ 首次运行，建立基线
ℹ️ 首次运行，建立基线
ℹ️ 首次运行，建立基线
ℹ️ 首次运行，建立基线
ℹ️ 首次运行，建立基线
ℹ️ 首次运行，建立基线
ℹ️ 首次运行，建立基线
ℹ️ 首次运行，建立基线
ℹ️ 首次运行，建立基线
ℹ️ 首次运行，建立基线
ℹ️ 首次运行，建立基线
ℹ️ 首次运行，建立基线
ℹ️ 首次运行，建立基线
ℹ️ 首次运行，建立基线
ℹ️ 首次运行，建立基线
ℹ️ 首次运行，建立基线
ℹ️ 首次运行，建立基线
ℹ️ 首次运行，建立基线
ℹ️ 首次运行，建立基线
ℹ️ 首次运行，建立基线
ℹ️ 首次运行，建立基线
ℹ️ 首次运行，建立基线
ℹ️ 首次运行，建立基线
ℹ️ 首次运行，建立基线
ℹ️ 首次运行，建立基线
ℹ️ 首次运行，建立基线
✅ 正常: 速率 282 tokens/分钟
ℹ️ 首次运行，建立基线
ℹ️ 首次运行，建立基线
ℹ️ 首次运行，建立基线
ℹ️ 首次运行，建立基线
ℹ️ 首次运行，建立基线
ℹ️ 首次运行，建立基线
ℹ️ 首次运行，建立基线
ℹ️ 首次运行，建立基线
ℹ️ 首次运行，建立基线
ℹ️ 首次运行，建立基线
ℹ️ 首次运行，建立基线
ℹ️ 首次运行，建立基线
ℹ️ 首次运行，建立基线
ℹ️ 首次运行，建立基线
ℹ️ 首次运行，建立基线
ℹ️ 首次运行，建立基线
ℹ️ 首次运行，建立基线
ℹ️ 首次运行，建立基线
ℹ️ 首次运行，建立基线
ℹ️ 首次运行，建立基线
ℹ️ 首次运行，建立基线
ℹ️ 首次运行，建立基线
ℹ️ 首次运行，建立基线
ℹ️ 首次运行，建立基线
ℹ️ 首次运行，建立基线
ℹ️ 首次运行，建立基线
ℹ️ 首次运行，建立基线
ℹ️ 首次运行，建立基线
ℹ️ 首次运行，建立基线
✅ 正常: 速率 268 tokens/分钟
ℹ️ 首次运行，建立基线
ℹ️ 首次运行，建立基线
ℹ️ 首次运行，建立基线
ℹ️ 首次运行，建立基线
ℹ️ 首次运行，建立基线
ℹ️ 首次运行，建立基线
ℹ️ 首次运行，建立基线
ℹ️ 首次运行，建立基线
ℹ️ 首次运行，建立基线
ℹ️ 首次运行，建立基线
ℹ️ 首次运行，建立基线
ℹ️ 首次运行，建立基线
ℹ️ 首次运行，建立基线
ℹ️ 首次运行，建立基线
ℹ️ 首次运行，建立基线
ℹ️ 首次运行，建立基线
ℹ️ 首次运行，建立基线
ℹ️ 首次运行，建立基线
ℹ️ 首次运行，建立基线
ℹ️ 首次运行，建立基线
ℹ️ 首次运行，建立基线
ℹ️ 首次运行，建立基线
ℹ️ 首次运行，建立基线
ℹ️ 首次运行，建立基线
ℹ️ 首次运行，建立基线
ℹ️ 首次运行，建立基线
ℹ️ 首次运行，建立基线
ℹ️ 首次运行，建立基线
ℹ️ 首次运行，建立基线
✅ 正常: 速率 387 tokens/分钟
ℹ️ 首次运行，建立基线
ℹ️ 首次运行，建立基线
ℹ️ 首次运行，建立基线
ℹ️ 首次运行，建立基线
ℹ️ 首次运行，建立基线
ℹ️ 首次运行，建立基线
ℹ️ 首次运行，建立基线
ℹ️ 首次运行，建立基线
ℹ️ 首次运行，建立基线
ℹ️ 首次运行，建立基线
ℹ️ 首次运行，建立基线
ℹ️ 首次运行，建立基线
ℹ️ 首次运行，建立基线
ℹ️ 首次运行，建立基线
ℹ️ 首次运行，建立基线
ℹ️ 首次运行，建立基线
ℹ️ 首次运行，建立基线
ℹ️ 首次运行，建立基线
ℹ️ 首次运行，建立基线
ℹ️ 首次运行，建立基线
ℹ️ 首次运行，建立基线
ℹ️ 首次运行，建立基线
ℹ️ 首次运行，建立基线
ℹ️ 首次运行，建立基线
ℹ️ 首次运行，建立基线
ℹ️ 首次运行，建立基线
ℹ️ 首次运行，建立基线
ℹ️ 首次运行，建立基线
ℹ️ 首次运行，建立基线
✅ 正常: 速率 268 tokens/分钟
ℹ️ 首次运行，建立基线
ℹ️ 首次运行，建立基线
ℹ️ 首次运行，建立基线
ℹ️ 首次运行，建立基线
ℹ️ 首次运行，建立基线
ℹ️ 首次运行，建立基线
ℹ️ 首次运行，建立基线
ℹ️ 首次运行，建立基线
ℹ️ 首次运行，建立基线
ℹ️ 首次运行，建立基线
ℹ️ 首次运行，建立基线
ℹ️ 首次运行，建立基线
ℹ️ 首次运行，建立基线
ℹ️ 首次运行，建立基线
ℹ️ 首次运行，建立基线
ℹ️ 首次运行，建立基线
ℹ️ 首次运行，建立基线
ℹ️ 首次运行，建立基线
ℹ️ 首次运行，建立基线
ℹ️ 首次运行，建立基线
✅ 正常: 速率 1409 tokens/分钟
✅ 正常: 速率 944 tokens/分钟
ℹ️ 首次运行，建立基线
ℹ️ 首次运行，建立基线
ℹ️ 首次运行，建立基线
ℹ️ 首次运行，建立基线
ℹ️ 首次运行，建立基线
ℹ️ 首次运行，建立基线
ℹ️ 首次运行，建立基线
✅ 正常: 速率 352 tokens/分钟
ℹ️ 首次运行，建立基线
ℹ️ 首次运行，建立基线
ℹ️ 首次运行，建立基线
ℹ️ 首次运行，建立基线
ℹ️ 首次运行，建立基线
ℹ️ 首次运行，建立基线
ℹ️ 首次运行，建立基线
ℹ️ 首次运行，建立基线
ℹ️ 首次运行，建立基线
ℹ️ 首次运行，建立基线
ℹ️ 首次运行，建立基线
ℹ️ 首次运行，建立基线
ℹ️ 首次运行，建立基线
ℹ️ 首次运行，建立基线
ℹ️ 首次运行，建立基线
ℹ️ 首次运行，建立基线
ℹ️ 首次运行，建立基线
ℹ️ 首次运行，建立基线
ℹ️ 首次运行，建立基线
ℹ️ 首次运行，建立基线
ℹ️ 首次运行，建立基线
ℹ️ 首次运行，建立基线
ℹ️ 首次运行，建立基线
ℹ️ 首次运行，建立基线
ℹ️ 首次运行，建立基线
ℹ️ 首次运行，建立基线
ℹ️ 首次运行，建立基线
ℹ️ 首次运行，建立基线
ℹ️ 首次运行，建立基线
✅ 正常: 速率 269 tokens/分钟
ℹ️ 首次运行，建立基线
ℹ️ 首次运行，建立基线
ℹ️ 首次运行，建立基线
ℹ️ 首次运行，建立基线
ℹ️ 首次运行，建立基线
ℹ️ 首次运行，建立基线
ℹ️ 首次运行，建立基线
ℹ️ 首次运行，建立基线
ℹ️ 首次运行，建立基线
ℹ️ 首次运行，建立基线
ℹ️ 首次运行，建立基线
ℹ️ 首次运行，建立基线
ℹ️ 首次运行，建立基线
ℹ️ 首次运行，建立基线
ℹ️ 首次运行，建立基线
ℹ️ 首次运行，建立基线
ℹ️ 首次运行，建立基线
ℹ️ 首次运行，建立基线
ℹ️ 首次运行，建立基线
ℹ️ 首次运行，建立基线
ℹ️ 首次运行，建立基线
ℹ️ 首次运行，建立基线
ℹ️ 首次运行，建立基线
ℹ️ 首次运行，建立基线
ℹ️ 首次运行，建立基线
ℹ️ 首次运行，建立基线
ℹ️ 首次运行，建立基线
ℹ️ 首次运行，建立基线
ℹ️ 首次运行，建立基线
✅ 正常: 速率 307 tokens/分钟
ℹ️ 首次运行，建立基线
ℹ️ 首次运行，建立基线
ℹ️ 首次运行，建立基线
ℹ️ 首次运行，建立基线
ℹ️ 首次运行，建立基线
ℹ️ 首次运行，建立基线
ℹ️ 首次运行，建立基线
ℹ️ 首次运行，建立基线
ℹ️ 首次运行，建立基线
ℹ️ 首次运行，建立基线
ℹ️ 首次运行，建立基线
ℹ️ 首次运行，建立基线
ℹ️ 首次运行，建立基线
ℹ️ 首次运行，建立基线
ℹ️ 首次运行，建立基线
ℹ️ 首次运行，建立基线
ℹ️ 首次运行，建立基线
ℹ️ 首次运行，建立基线
ℹ️ 首次运行，建立基线
ℹ️ 首次运行，建立基线
ℹ️ 首次运行，建立基线
ℹ️ 首次运行，建立基线
ℹ️ 首次运行，建立基线
ℹ️ 首次运行，建立基线
ℹ️ 首次运行，建立基线
ℹ️ 首次运行，建立基线
ℹ️ 首次运行，建立基线
ℹ️ 首次运行，建立基线
ℹ️ 首次运行，建立基线
✅ 正常: 速率 387 tokens/分钟
ℹ️ 首次运行，建立基线
ℹ️ 首次运行，建立基线
ℹ️ 首次运行，建立基线
ℹ️ 首次运行，建立基线
ℹ️ 首次运行，建立基线
ℹ️ 首次运行，建立基线
ℹ️ 首次运行，建立基线
ℹ️ 首次运行，建立基线
ℹ️ 首次运行，建立基线
ℹ️ 首次运行，建立基线
ℹ️ 首次运行，建立基线
ℹ️ 首次运行，建立基线
ℹ️ 首次运行，建立基线
ℹ️ 首次运行，建立基线
ℹ️ 首次运行，建立基线
ℹ️ 首次运行，建立基线
ℹ️ 首次运行，建立基线
ℹ️ 首次运行，建立基线
ℹ️ 首次运行，建立基线
ℹ️ 首次运行，建立基线
⚠️ WARNING: 速率 18740 tokens/分钟 (正常最大 5000)
✅ 正常: 速率 1401 tokens/分钟
🚨 CRITICAL: 速率 35598 tokens/分钟 (正常最大 5000)
ℹ️ 首次运行，建立基线
ℹ️ 首次运行，建立基线
⚠️ WARNING: 速率 22940 tokens/分钟 (正常最大 5000)
🚨 CRITICAL: 速率 40754 tokens/分钟 (正常最大 5000)
ℹ️ 首次运行，建立基线
ℹ️ 首次运行，建立基线
ℹ️ 首次运行，建立基线
ℹ️ 首次运行，建立基线
ℹ️ 首次运行，建立基线
ℹ️ 首次运行，建立基线
ℹ️ 首次运行，建立基线
ℹ️ 首次运行，建立基线
ℹ️ 首次运行，建立基线
ℹ️ 首次运行，建立基线
ℹ️ 首次运行，建立基线
ℹ️ 首次运行，建立基线
ℹ️ 首次运行，建立基线
ℹ️ 首次运行，建立基线
ℹ️ 首次运行，建立基线
ℹ️ 首次运行，建立基线
ℹ️ 首次运行，建立基线
ℹ️ 首次运行，建立基线
ℹ️ 首次运行，建立基线
ℹ️ 首次运行，建立基线
ℹ️ 首次运行，建立基线
ℹ️ 首次运行，建立基线
ℹ️ 首次运行，建立基线
ℹ️ 首次运行，建立基线
ℹ️ 首次运行，建立基线
✅ 正常: 速率 1141 tokens/分钟
ℹ️ 首次运行，建立基线
ℹ️ 首次运行，建立基线
ℹ️ 首次运行，建立基线
ℹ️ 首次运行，建立基线
ℹ️ 首次运行，建立基线
ℹ️ 首次运行，建立基线
✅ 正常: 速率 286 tokens/分钟
ℹ️ 首次运行，建立基线
ℹ️ 首次运行，建立基线
ℹ️ 首次运行，建立基线
ℹ️ 首次运行，建立基线
ℹ️ 首次运行，建立基线
ℹ️ 首次运行，建立基线
ℹ️ 首次运行，建立基线
ℹ️ 首次运行，建立基线
ℹ️ 首次运行，建立基线
ℹ️ 首次运行，建立基线
ℹ️ 首次运行，建立基线
ℹ️ 首次运行，建立基线
ℹ️ 首次运行，建立基线
ℹ️ 首次运行，建立基线
ℹ️ 首次运行，建立基线
ℹ️ 首次运行，建立基线
ℹ️ 首次运行，建立基线
ℹ️ 首次运行，建立基线
ℹ️ 首次运行，建立基线
ℹ️ 首次运行，建立基线
✅ 正常: 速率 8932 tokens/分钟
✅ 正常: 速率 5238 tokens/分钟
ℹ️ 首次运行，建立基线
ℹ️ 首次运行，建立基线
ℹ️ 首次运行，建立基线
ℹ️ 首次运行，建立基线
ℹ️ 首次运行，建立基线
ℹ️ 首次运行，建立基线
ℹ️ 首次运行，建立基线
✅ 正常: 速率 557 tokens/分钟
ℹ️ 首次运行，建立基线
ℹ️ 首次运行，建立基线
ℹ️ 首次运行，建立基线
ℹ️ 首次运行，建立基线
ℹ️ 首次运行，建立基线
ℹ️ 首次运行，建立基线
ℹ️ 首次运行，建立基线
ℹ️ 首次运行，建立基线
ℹ️ 首次运行，建立基线
ℹ️ 首次运行，建立基线
ℹ️ 首次运行，建立基线
ℹ️ 首次运行，建立基线
ℹ️ 首次运行，建立基线
ℹ️ 首次运行，建立基线
ℹ️ 首次运行，建立基线
ℹ️ 首次运行，建立基线
ℹ️ 首次运行，建立基线
ℹ️ 首次运行，建立基线
ℹ️ 首次运行，建立基线
ℹ️ 首次运行，建立基线
ℹ️ 首次运行，建立基线
ℹ️ 首次运行，建立基线
ℹ️ 首次运行，建立基线
ℹ️ 首次运行，建立基线
ℹ️ 首次运行，建立基线
ℹ️ 首次运行，建立基线
ℹ️ 首次运行，建立基线
ℹ️ 首次运行，建立基线
ℹ️ 首次运行，建立基线
✅ 正常: 速率 381 tokens/分钟
ℹ️ 首次运行，建立基线
ℹ️ 首次运行，建立基线
ℹ️ 首次运行，建立基线
ℹ️ 首次运行，建立基线
ℹ️ 首次运行，建立基线
ℹ️ 首次运行，建立基线
ℹ️ 首次运行，建立基线
ℹ️ 首次运行，建立基线
ℹ️ 首次运行，建立基线
ℹ️ 首次运行，建立基线
ℹ️ 首次运行，建立基线
ℹ️ 首次运行，建立基线
ℹ️ 首次运行，建立基线
ℹ️ 首次运行，建立基线
ℹ️ 首次运行，建立基线
ℹ️ 首次运行，建立基线
ℹ️ 首次运行，建立基线
ℹ️ 首次运行，建立基线
ℹ️ 首次运行，建立基线
ℹ️ 首次运行，建立基线
ℹ️ 首次运行，建立基线
ℹ️ 首次运行，建立基线
ℹ️ 首次运行，建立基线
ℹ️ 首次运行，建立基线
ℹ️ 首次运行，建立基线
ℹ️ 首次运行，建立基线
ℹ️ 首次运行，建立基线
ℹ️ 首次运行，建立基线
ℹ️ 首次运行，建立基线
✅ 正常: 速率 479 tokens/分钟
ℹ️ 首次运行，建立基线
ℹ️ 首次运行，建立基线
ℹ️ 首次运行，建立基线
ℹ️ 首次运行，建立基线
⚠️ WARNING: 速率 17279 tokens/分钟 (正常最大 5000)
✅ 正常: 速率 5052 tokens/分钟
✅ 正常: 速率 5170 tokens/分钟
✅ 正常: 速率 1342 tokens/分钟
✅ 正常: 速率 2672 tokens/分钟
✅ 正常: 速率 3923 tokens/分钟
✅ 正常: 速率 5456 tokens/分钟
✅ 正常: 速率 5847 tokens/分钟
⚠️ WARNING: 速率 19298 tokens/分钟 (正常最大 5000)
✅ 正常: 速率 2350 tokens/分钟
✅ 正常: 速率 1539 tokens/分钟
⚠️ WARNING: 速率 10560 tokens/分钟 (正常最大 5000)
✅ 正常: 速率 4155 tokens/分钟
✅ 正常: 速率 2445 tokens/分钟
✅ 正常: 速率 3175 tokens/分钟
✅ 正常: 速率 1815 tokens/分钟
🚨 CRITICAL: 速率 38015 tokens/分钟 (正常最大 5000)
✅ 正常: 速率 8827 tokens/分钟
